Compila├º├úo de 11/02/2026 13:13:58 iniciada.
     1>Projeto "E:\teste\pi-web\backend\Pi.Api\Pi.Api.sln" no n├│ 1 (Restore destino(s)).
     1>ValidateSolutionConfiguration:
         Compilando a configura├º├úo de solu├º├úo "Debug|Any CPU".
       _GetAllRestoreProjectPathItems:
         Determinando os projetos a serem restaurados...
       Restore:
         A valida├º├úo da cadeia de certificados X.509 usar├í o reposit├│rio de confian├ºa padr├úo selecionado pelo .NET.
         A valida├º├úo da cadeia de certificados X.509 usar├í o reposit├│rio de confian├ºa padr├úo selecionado pelo .NET.
         O arquivo de ativos n├úo foi alterado. Ignorando grava├º├úo de arquivo de ativos. Caminho: E:\teste\pi-web\backend\Pi.Api\obj\project.assets.json
         E:\teste\pi-web\backend\Pi.Api\Pi.Api.csproj restaurado (em 57 ms).
         
         Arquivos de configura├º├úo NuGet usados:
             C:\Users\paulo.takeda\AppData\Roaming\NuGet\NuGet.Config
             C:\Program Files (x86)\NuGet\Config\Microsoft.VisualStudio.FallbackLocation.config
             C:\Program Files (x86)\NuGet\Config\Microsoft.VisualStudio.Offline.config
         
         Feeds usados:
             https://api.nuget.org/v3/index.json
             C:\Program Files (x86)\Microsoft SDKs\NuGetPackages\
         Todos os projetos est├úo atualizados para restaura├º├úo.
     1>Projeto de compila├º├úo pronto "E:\teste\pi-web\backend\Pi.Api\Pi.Api.sln" (Restore destino(s)).
   1:2>Projeto "E:\teste\pi-web\backend\Pi.Api\Pi.Api.sln" no n├│ 1 (Rebuild destino(s)).
     1>ValidateSolutionConfiguration:
         Compilando a configura├º├úo de solu├º├úo "Debug|Any CPU".
   1:2>O projeto "E:\teste\pi-web\backend\Pi.Api\Pi.Api.sln" (1:2) est├í compilando "E:\teste\pi-web\backend\Pi.Api\Pi.Api.csproj" (2:6) no n├│ 1 (Rebuild destino(s)).
     2>CoreClean:
         Excluindo o arquivo "E:\teste\pi-web\backend\Pi.Api\bin\Debug\net8.0\appsettings.Development.json".
         Excluindo o arquivo "E:\teste\pi-web\backend\Pi.Api\bin\Debug\net8.0\appsettings.json".
         Excluindo o arquivo "E:\teste\pi-web\backend\Pi.Api\bin\Debug\net8.0\Pi.Api.staticwebassets.endpoints.json".
         Excluindo o arquivo "E:\teste\pi-web\backend\Pi.Api\bin\Debug\net8.0\Pi.Api.exe".
         Excluindo o arquivo "E:\teste\pi-web\backend\Pi.Api\bin\Debug\net8.0\Pi.Api.deps.json".
         Excluindo o arquivo "E:\teste\pi-web\backend\Pi.Api\bin\Debug\net8.0\Pi.Api.runtimeconfig.json".
         Excluindo o arquivo "E:\teste\pi-web\backend\Pi.Api\bin\Debug\net8.0\Pi.Api.dll".
         Excluindo o arquivo "E:\teste\pi-web\backend\Pi.Api\bin\Debug\net8.0\Pi.Api.pdb".
         Excluindo o arquivo "E:\teste\pi-web\backend\Pi.Api\bin\Debug\net8.0\EPPlus.dll".
         Excluindo o arquivo "E:\teste\pi-web\backend\Pi.Api\bin\Debug\net8.0\EPPlus.Interfaces.dll".
         Excluindo o arquivo "E:\teste\pi-web\backend\Pi.Api\bin\Debug\net8.0\Humanizer.dll".
         Excluindo o arquivo "E:\teste\pi-web\backend\Pi.Api\bin\Debug\net8.0\Microsoft.Bcl.AsyncInterfaces.dll".
         Excluindo o arquivo "E:\teste\pi-web\backend\Pi.Api\bin\Debug\net8.0\Microsoft.CodeAnalysis.dll".
         Excluindo o arquivo "E:\teste\pi-web\backend\Pi.Api\bin\Debug\net8.0\Microsoft.CodeAnalysis.CSharp.dll".
         Excluindo o arquivo "E:\teste\pi-web\backend\Pi.Api\bin\Debug\net8.0\Microsoft.CodeAnalysis.CSharp.Workspaces.dll".
         Excluindo o arquivo "E:\teste\pi-web\backend\Pi.Api\bin\Debug\net8.0\Microsoft.CodeAnalysis.Workspaces.dll".
         Excluindo o arquivo "E:\teste\pi-web\backend\Pi.Api\bin\Debug\net8.0\Microsoft.EntityFrameworkCore.dll".
         Excluindo o arquivo "E:\teste\pi-web\backend\Pi.Api\bin\Debug\net8.0\Microsoft.EntityFrameworkCore.Abstractions.dll".
         Excluindo o arquivo "E:\teste\pi-web\backend\Pi.Api\bin\Debug\net8.0\Microsoft.EntityFrameworkCore.Design.dll".
         Excluindo o arquivo "E:\teste\pi-web\backend\Pi.Api\bin\Debug\net8.0\Microsoft.EntityFrameworkCore.Relational.dll".
         Excluindo o arquivo "E:\teste\pi-web\backend\Pi.Api\bin\Debug\net8.0\Microsoft.Extensions.Configuration.FileExtensions.dll".
         Excluindo o arquivo "E:\teste\pi-web\backend\Pi.Api\bin\Debug\net8.0\Microsoft.Extensions.Configuration.Json.dll".
         Excluindo o arquivo "E:\teste\pi-web\backend\Pi.Api\bin\Debug\net8.0\Microsoft.Extensions.DependencyModel.dll".
         Excluindo o arquivo "E:\teste\pi-web\backend\Pi.Api\bin\Debug\net8.0\Microsoft.IO.RecyclableMemoryStream.dll".
         Excluindo o arquivo "E:\teste\pi-web\backend\Pi.Api\bin\Debug\net8.0\Microsoft.OpenApi.dll".
         Excluindo o arquivo "E:\teste\pi-web\backend\Pi.Api\bin\Debug\net8.0\Mono.TextTemplating.dll".
         Excluindo o arquivo "E:\teste\pi-web\backend\Pi.Api\bin\Debug\net8.0\Npgsql.dll".
         Excluindo o arquivo "E:\teste\pi-web\backend\Pi.Api\bin\Debug\net8.0\Npgsql.EntityFrameworkCore.PostgreSQL.dll".
         Excluindo o arquivo "E:\teste\pi-web\backend\Pi.Api\bin\Debug\net8.0\Swashbuckle.AspNetCore.Swagger.dll".
         Excluindo o arquivo "E:\teste\pi-web\backend\Pi.Api\bin\Debug\net8.0\Swashbuckle.AspNetCore.SwaggerGen.dll".
         Excluindo o arquivo "E:\teste\pi-web\backend\Pi.Api\bin\Debug\net8.0\Swashbuckle.AspNetCore.SwaggerUI.dll".
         Excluindo o arquivo "E:\teste\pi-web\backend\Pi.Api\bin\Debug\net8.0\System.CodeDom.dll".
         Excluindo o arquivo "E:\teste\pi-web\backend\Pi.Api\bin\Debug\net8.0\System.Composition.AttributedModel.dll".
         Excluindo o arquivo "E:\teste\pi-web\backend\Pi.Api\bin\Debug\net8.0\System.Composition.Convention.dll".
         Excluindo o arquivo "E:\teste\pi-web\backend\Pi.Api\bin\Debug\net8.0\System.Composition.Hosting.dll".
         Excluindo o arquivo "E:\teste\pi-web\backend\Pi.Api\bin\Debug\net8.0\System.Composition.Runtime.dll".
         Excluindo o arquivo "E:\teste\pi-web\backend\Pi.Api\bin\Debug\net8.0\System.Composition.TypedParts.dll".
         Excluindo o arquivo "E:\teste\pi-web\backend\Pi.Api\bin\Debug\net8.0\System.Security.Cryptography.Pkcs.dll".
         Excluindo o arquivo "E:\teste\pi-web\backend\Pi.Api\bin\Debug\net8.0\System.Security.Cryptography.Xml.dll".
         Excluindo o arquivo "E:\teste\pi-web\backend\Pi.Api\bin\Debug\net8.0\cs\Microsoft.CodeAnalysis.resources.dll".
         Excluindo o arquivo "E:\teste\pi-web\backend\Pi.Api\bin\Debug\net8.0\de\Microsoft.CodeAnalysis.resources.dll".
         Excluindo o arquivo "E:\teste\pi-web\backend\Pi.Api\bin\Debug\net8.0\es\Microsoft.CodeAnalysis.resources.dll".
         Excluindo o arquivo "E:\teste\pi-web\backend\Pi.Api\bin\Debug\net8.0\fr\Microsoft.CodeAnalysis.resources.dll".
         Excluindo o arquivo "E:\teste\pi-web\backend\Pi.Api\bin\Debug\net8.0\it\Microsoft.CodeAnalysis.resources.dll".
         Excluindo o arquivo "E:\teste\pi-web\backend\Pi.Api\bin\Debug\net8.0\ja\Microsoft.CodeAnalysis.resources.dll".
         Excluindo o arquivo "E:\teste\pi-web\backend\Pi.Api\bin\Debug\net8.0\ko\Microsoft.CodeAnalysis.resources.dll".
         Excluindo o arquivo "E:\teste\pi-web\backend\Pi.Api\bin\Debug\net8.0\pl\Microsoft.CodeAnalysis.resources.dll".
         Excluindo o arquivo "E:\teste\pi-web\backend\Pi.Api\bin\Debug\net8.0\pt-BR\Microsoft.CodeAnalysis.resources.dll".
         Excluindo o arquivo "E:\teste\pi-web\backend\Pi.Api\bin\Debug\net8.0\ru\Microsoft.CodeAnalysis.resources.dll".
         Excluindo o arquivo "E:\teste\pi-web\backend\Pi.Api\bin\Debug\net8.0\tr\Microsoft.CodeAnalysis.resources.dll".
         Excluindo o arquivo "E:\teste\pi-web\backend\Pi.Api\bin\Debug\net8.0\zh-Hans\Microsoft.CodeAnalysis.resources.dll".
         Excluindo o arquivo "E:\teste\pi-web\backend\Pi.Api\bin\Debug\net8.0\zh-Hant\Microsoft.CodeAnalysis.resources.dll".
         Excluindo o arquivo "E:\teste\pi-web\backend\Pi.Api\bin\Debug\net8.0\cs\Microsoft.CodeAnalysis.CSharp.resources.dll".
         Excluindo o arquivo "E:\teste\pi-web\backend\Pi.Api\bin\Debug\net8.0\de\Microsoft.CodeAnalysis.CSharp.resources.dll".
         Excluindo o arquivo "E:\teste\pi-web\backend\Pi.Api\bin\Debug\net8.0\es\Microsoft.CodeAnalysis.CSharp.resources.dll".
         Excluindo o arquivo "E:\teste\pi-web\backend\Pi.Api\bin\Debug\net8.0\fr\Microsoft.CodeAnalysis.CSharp.resources.dll".
         Excluindo o arquivo "E:\teste\pi-web\backend\Pi.Api\bin\Debug\net8.0\it\Microsoft.CodeAnalysis.CSharp.resources.dll".
         Excluindo o arquivo "E:\teste\pi-web\backend\Pi.Api\bin\Debug\net8.0\ja\Microsoft.CodeAnalysis.CSharp.resources.dll".
         Excluindo o arquivo "E:\teste\pi-web\backend\Pi.Api\bin\Debug\net8.0\ko\Microsoft.CodeAnalysis.CSharp.resources.dll".
         Excluindo o arquivo "E:\teste\pi-web\backend\Pi.Api\bin\Debug\net8.0\pl\Microsoft.CodeAnalysis.CSharp.resources.dll".
         Excluindo o arquivo "E:\teste\pi-web\backend\Pi.Api\bin\Debug\net8.0\pt-BR\Microsoft.CodeAnalysis.CSharp.resources.dll".
         Excluindo o arquivo "E:\teste\pi-web\backend\Pi.Api\bin\Debug\net8.0\ru\Microsoft.CodeAnalysis.CSharp.resources.dll".
         Excluindo o arquivo "E:\teste\pi-web\backend\Pi.Api\bin\Debug\net8.0\tr\Microsoft.CodeAnalysis.CSharp.resources.dll".
         Excluindo o arquivo "E:\teste\pi-web\backend\Pi.Api\bin\Debug\net8.0\zh-Hans\Microsoft.CodeAnalysis.CSharp.resources.dll".
         Excluindo o arquivo "E:\teste\pi-web\backend\Pi.Api\bin\Debug\net8.0\zh-Hant\Microsoft.CodeAnalysis.CSharp.resources.dll".
         Excluindo o arquivo "E:\teste\pi-web\backend\Pi.Api\bin\Debug\net8.0\cs\Microsoft.CodeAnalysis.CSharp.Workspaces.resources.dll".
         Excluindo o arquivo "E:\teste\pi-web\backend\Pi.Api\bin\Debug\net8.0\de\Microsoft.CodeAnalysis.CSharp.Workspaces.resources.dll".
         Excluindo o arquivo "E:\teste\pi-web\backend\Pi.Api\bin\Debug\net8.0\es\Microsoft.CodeAnalysis.CSharp.Workspaces.resources.dll".
         Excluindo o arquivo "E:\teste\pi-web\backend\Pi.Api\bin\Debug\net8.0\fr\Microsoft.CodeAnalysis.CSharp.Workspaces.resources.dll".
         Excluindo o arquivo "E:\teste\pi-web\backend\Pi.Api\bin\Debug\net8.0\it\Microsoft.CodeAnalysis.CSharp.Workspaces.resources.dll".
         Excluindo o arquivo "E:\teste\pi-web\backend\Pi.Api\bin\Debug\net8.0\ja\Microsoft.CodeAnalysis.CSharp.Workspaces.resources.dll".
         Excluindo o arquivo "E:\teste\pi-web\backend\Pi.Api\bin\Debug\net8.0\ko\Microsoft.CodeAnalysis.CSharp.Workspaces.resources.dll".
         Excluindo o arquivo "E:\teste\pi-web\backend\Pi.Api\bin\Debug\net8.0\pl\Microsoft.CodeAnalysis.CSharp.Workspaces.resources.dll".
         Excluindo o arquivo "E:\teste\pi-web\backend\Pi.Api\bin\Debug\net8.0\pt-BR\Microsoft.CodeAnalysis.CSharp.Workspaces.resources.dll".
         Excluindo o arquivo "E:\teste\pi-web\backend\Pi.Api\bin\Debug\net8.0\ru\Microsoft.CodeAnalysis.CSharp.Workspaces.resources.dll".
         Excluindo o arquivo "E:\teste\pi-web\backend\Pi.Api\bin\Debug\net8.0\tr\Microsoft.CodeAnalysis.CSharp.Workspaces.resources.dll".
         Excluindo o arquivo "E:\teste\pi-web\backend\Pi.Api\bin\Debug\net8.0\zh-Hans\Microsoft.CodeAnalysis.CSharp.Workspaces.resources.dll".
         Excluindo o arquivo "E:\teste\pi-web\backend\Pi.Api\bin\Debug\net8.0\zh-Hant\Microsoft.CodeAnalysis.CSharp.Workspaces.resources.dll".
         Excluindo o arquivo "E:\teste\pi-web\backend\Pi.Api\bin\Debug\net8.0\cs\Microsoft.CodeAnalysis.Workspaces.resources.dll".
         Excluindo o arquivo "E:\teste\pi-web\backend\Pi.Api\bin\Debug\net8.0\de\Microsoft.CodeAnalysis.Workspaces.resources.dll".
         Excluindo o arquivo "E:\teste\pi-web\backend\Pi.Api\bin\Debug\net8.0\es\Microsoft.CodeAnalysis.Workspaces.resources.dll".
         Excluindo o arquivo "E:\teste\pi-web\backend\Pi.Api\bin\Debug\net8.0\fr\Microsoft.CodeAnalysis.Workspaces.resources.dll".
         Excluindo o arquivo "E:\teste\pi-web\backend\Pi.Api\bin\Debug\net8.0\it\Microsoft.CodeAnalysis.Workspaces.resources.dll".
         Excluindo o arquivo "E:\teste\pi-web\backend\Pi.Api\bin\Debug\net8.0\ja\Microsoft.CodeAnalysis.Workspaces.resources.dll".
         Excluindo o arquivo "E:\teste\pi-web\backend\Pi.Api\bin\Debug\net8.0\ko\Microsoft.CodeAnalysis.Workspaces.resources.dll".
         Excluindo o arquivo "E:\teste\pi-web\backend\Pi.Api\bin\Debug\net8.0\pl\Microsoft.CodeAnalysis.Workspaces.resources.dll".
         Excluindo o arquivo "E:\teste\pi-web\backend\Pi.Api\bin\Debug\net8.0\pt-BR\Microsoft.CodeAnalysis.Workspaces.resources.dll".
         Excluindo o arquivo "E:\teste\pi-web\backend\Pi.Api\bin\Debug\net8.0\ru\Microsoft.CodeAnalysis.Workspaces.resources.dll".
         Excluindo o arquivo "E:\teste\pi-web\backend\Pi.Api\bin\Debug\net8.0\tr\Microsoft.CodeAnalysis.Workspaces.resources.dll".
         Excluindo o arquivo "E:\teste\pi-web\backend\Pi.Api\bin\Debug\net8.0\zh-Hans\Microsoft.CodeAnalysis.Workspaces.resources.dll".
         Excluindo o arquivo "E:\teste\pi-web\backend\Pi.Api\bin\Debug\net8.0\zh-Hant\Microsoft.CodeAnalysis.Workspaces.resources.dll".
         Excluindo o arquivo "E:\teste\pi-web\backend\Pi.Api\bin\Debug\net8.0\runtimes\win\lib\net8.0\System.Security.Cryptography.Pkcs.dll".
         Excluindo o arquivo "E:\teste\pi-web\backend\Pi.Api\obj\Debug\net8.0\Pi.Api.csproj.AssemblyReference.cache".
         Excluindo o arquivo "E:\teste\pi-web\backend\Pi.Api\obj\Debug\net8.0\rpswa.dswa.cache.json".
         Excluindo o arquivo "E:\teste\pi-web\backend\Pi.Api\obj\Debug\net8.0\Pi.Api.GeneratedMSBuildEditorConfig.editorconfig".
         Excluindo o arquivo "E:\teste\pi-web\backend\Pi.Api\obj\Debug\net8.0\Pi.Api.AssemblyInfoInputs.cache".
         Excluindo o arquivo "E:\teste\pi-web\backend\Pi.Api\obj\Debug\net8.0\Pi.Api.AssemblyInfo.cs".
         Excluindo o arquivo "E:\teste\pi-web\backend\Pi.Api\obj\Debug\net8.0\Pi.Api.csproj.CoreCompileInputs.cache".
         Excluindo o arquivo "E:\teste\pi-web\backend\Pi.Api\obj\Debug\net8.0\Pi.Api.MvcApplicationPartsAssemblyInfo.cs".
         Excluindo o arquivo "E:\teste\pi-web\backend\Pi.Api\obj\Debug\net8.0\Pi.Api.MvcApplicationPartsAssemblyInfo.cache".
         Excluindo o arquivo "E:\teste\pi-web\backend\Pi.Api\obj\Debug\net8.0\Pi.Api.sourcelink.json".
         Excluindo o arquivo "E:\teste\pi-web\backend\Pi.Api\obj\Debug\net8.0\rjsmrazor.dswa.cache.json".
         Excluindo o arquivo "E:\teste\pi-web\backend\Pi.Api\obj\Debug\net8.0\rjsmcshtml.dswa.cache.json".
         Excluindo o arquivo "E:\teste\pi-web\backend\Pi.Api\obj\Debug\net8.0\staticwebassets.build.json".
         Excluindo o arquivo "E:\teste\pi-web\backend\Pi.Api\obj\Debug\net8.0\staticwebassets.build.json.cache".
         Excluindo o arquivo "E:\teste\pi-web\backend\Pi.Api\obj\Debug\net8.0\staticwebassets.build.endpoints.json".
         Excluindo o arquivo "E:\teste\pi-web\backend\Pi.Api\obj\Debug\net8.0\Pi.Api.csproj.Up2Date".
         Excluindo o arquivo "E:\teste\pi-web\backend\Pi.Api\obj\Debug\net8.0\Pi.Api.dll".
         Excluindo o arquivo "E:\teste\pi-web\backend\Pi.Api\obj\Debug\net8.0\refint\Pi.Api.dll".
         Excluindo o arquivo "E:\teste\pi-web\backend\Pi.Api\obj\Debug\net8.0\Pi.Api.pdb".
         Excluindo o arquivo "E:\teste\pi-web\backend\Pi.Api\obj\Debug\net8.0\Pi.Api.genruntimeconfig.cache".
         Excluindo o arquivo "E:\teste\pi-web\backend\Pi.Api\obj\Debug\net8.0\ref\Pi.Api.dll".
       GenerateTargetFrameworkMonikerAttribute:
       Ignorando o destino "GenerateTargetFrameworkMonikerAttribute" porque todos os arquivos de sa├¡da est├úo atualizados em rela├º├úo aos arquivos de entrada.
       _DiscoverMvcApplicationParts:
         N├úo foi poss├¡vel deduzir o tipo de par├ómetro "#1" porque o tipo de atributo ├® desconhecido. O valor ser├í tratado como uma cadeia de caracteres.
         Criando "obj\Debug\net8.0\Pi.Api.MvcApplicationPartsAssemblyInfo.cache" porque "AlwaysCreate" foi especificado.
         Tocando "obj\Debug\net8.0\Pi.Api.MvcApplicationPartsAssemblyInfo.cache".
       _GenerateSourceLinkFile:
         Atualizando o arquivo de link de origem 'obj\Debug\net8.0\Pi.Api.sourcelink.json'.
       CoreCompile:
         C:\Program Files\dotnet\dotnet.exe exec "C:\Program Files\dotnet\sdk\9.0.305\Roslyn\bincore\csc.dll" /noconfig /unsafe- /checked- /nowarn:1701,1702,1701,1702 /fullpaths /nostdlib+ /errorreport:prompt /warn:8 /define:TRACE;DEBUG;NET;NET8_0;NETCOREAPP;NET5_0_OR_GREATER;NET6_0_OR_GREATER;NET7_0_OR_GREATER;NET8_0_OR_GREATER;NETCOREAPP1_0_OR_GREATER;NETCOREAPP1_1_OR_GREATER;NETCOREAPP2_0_OR_GREATER;NETCOREAPP2_1_OR_GREATER;NETCOREAPP2_2_OR_GREATER;NETCOREAPP3_0_OR_GREATER;NETCOREAPP3_1_OR_GREATER /highentropyva+ /nullable:enable /reference:C:\Users\paulo.takeda\.nuget\packages\epplus\8.4.1\lib\net8.0\EPPlus.dll /reference:C:\Users\paulo.takeda\.nuget\packages\epplus.interfaces\8.4.0\lib\net8.0\EPPlus.Interfaces.dll /reference:"C:\Program Files\dotnet\packs\Microsoft.AspNetCore.App.Ref\8.0.20\ref\net8.0\Microsoft.AspNetCore.Antiforgery.dll" /reference:"C:\Program Files\dotnet\packs\Microsoft.AspNetCore.App.Ref\8.0.20\ref\net8.0\Microsoft.AspNetCore.Authentication.Abstractions.dll" /reference:"C:\Program Files\dotnet\packs\Microsoft.AspNetCore.App.Ref\8.0.20\ref\net8.0\Microsoft.AspNetCore.Authentication.BearerToken.dll" /reference:"C:\Program Files\dotnet\packs\Microsoft.AspNetCore.App.Ref\8.0.20\ref\net8.0\Microsoft.AspNetCore.Authentication.Cookies.dll" /reference:"C:\Program Files\dotnet\packs\Microsoft.AspNetCore.App.Ref\8.0.20\ref\net8.0\Microsoft.AspNetCore.Authentication.Core.dll" /reference:"C:\Program Files\dotnet\packs\Microsoft.AspNetCore.App.Ref\8.0.20\ref\net8.0\Microsoft.AspNetCore.Authentication.dll" /reference:"C:\Program Files\dotnet\packs\Microsoft.AspNetCore.App.Ref\8.0.20\ref\net8.0\Microsoft.AspNetCore.Authentication.OAuth.dll" /reference:"C:\Program Files\dotnet\packs\Microsoft.AspNetCore.App.Ref\8.0.20\ref\net8.0\Microsoft.AspNetCore.Authorization.dll" /reference:"C:\Program Files\dotnet\packs\Microsoft.AspNetCore.App.Ref\8.0.20\ref\net8.0\Microsoft.AspNetCore.Authorization.Policy.dll" /reference:"C:\Program Files\dotnet\packs\Microsoft.AspNetCore.App.Ref\8.0.20\ref\net8.0\Microsoft.AspNetCore.Components.Authorization.dll" /reference:"C:\Program Files\dotnet\packs\Microsoft.AspNetCore.App.Ref\8.0.20\ref\net8.0\Microsoft.AspNetCore.Components.dll" /reference:"C:\Program Files\dotnet\packs\Microsoft.AspNetCore.App.Ref\8.0.20\ref\net8.0\Microsoft.AspNetCore.Components.Endpoints.dll" /reference:"C:\Program Files\dotnet\packs\Microsoft.AspNetCore.App.Ref\8.0.20\ref\net8.0\Microsoft.AspNetCore.Components.Forms.dll" /reference:"C:\Program Files\dotnet\packs\Microsoft.AspNetCore.App.Ref\8.0.20\ref\net8.0\Microsoft.AspNetCore.Components.Server.dll" /reference:"C:\Program Files\dotnet\packs\Microsoft.AspNetCore.App.Ref\8.0.20\ref\net8.0\Microsoft.AspNetCore.Components.Web.dll" /reference:"C:\Program Files\dotnet\packs\Microsoft.AspNetCore.App.Ref\8.0.20\ref\net8.0\Microsoft.AspNetCore.Connections.Abstractions.dll" /reference:"C:\Program Files\dotnet\packs\Microsoft.AspNetCore.App.Ref\8.0.20\ref\net8.0\Microsoft.AspNetCore.CookiePolicy.dll" /reference:"C:\Program Files\dotnet\packs\Microsoft.AspNetCore.App.Ref\8.0.20\ref\net8.0\Microsoft.AspNetCore.Cors.dll" /reference:"C:\Program Files\dotnet\packs\Microsoft.AspNetCore.App.Ref\8.0.20\ref\net8.0\Microsoft.AspNetCore.Cryptography.Internal.dll" /reference:"C:\Program Files\dotnet\packs\Microsoft.AspNetCore.App.Ref\8.0.20\ref\net8.0\Microsoft.AspNetCore.Cryptography.KeyDerivation.dll" /reference:"C:\Program Files\dotnet\packs\Microsoft.AspNetCore.App.Ref\8.0.20\ref\net8.0\Microsoft.AspNetCore.DataProtection.Abstractions.dll" /reference:"C:\Program Files\dotnet\packs\Microsoft.AspNetCore.App.Ref\8.0.20\ref\net8.0\Microsoft.AspNetCore.DataProtection.dll" /reference:"C:\Program Files\dotnet\packs\Microsoft.AspNetCore.App.Ref\8.0.20\ref\net8.0\Microsoft.AspNetCore.DataProtection.Extensions.dll" /reference:"C:\Program Files\dotnet\packs\Microsoft.AspNetCore.App.Ref\8.0.20\ref\net8.0\Microsoft.AspNetCore.Diagnostics.Abstractions.dll" /reference:"C:\Program Files\dotnet\packs\Microsoft.AspNetCore.App.Ref\8.0.20\ref\net8.0\Microsoft.AspNetCore.Diagnostics.dll" /reference:"C:\Program Files\dotnet\packs\Microsoft.AspNetCore.App.Ref\8.0.20\ref\net8.0\Microsoft.AspNetCore.Diagnostics.HealthChecks.dll" /reference:"C:\Program Files\dotnet\packs\Microsoft.AspNetCore.App.Ref\8.0.20\ref\net8.0\Microsoft.AspNetCore.dll" /reference:"C:\Program Files\dotnet\packs\Microsoft.AspNetCore.App.Ref\8.0.20\ref\net8.0\Microsoft.AspNetCore.HostFiltering.dll" /reference:"C:\Program Files\dotnet\packs\Microsoft.AspNetCore.App.Ref\8.0.20\ref\net8.0\Microsoft.AspNetCore.Hosting.Abstractions.dll" /reference:"C:\Program Files\dotnet\packs\Microsoft.AspNetCore.App.Ref\8.0.20\ref\net8.0\Microsoft.AspNetCore.Hosting.dll" /reference:"C:\Program Files\dotnet\packs\Microsoft.AspNetCore.App.Ref\8.0.20\ref\net8.0\Microsoft.AspNetCore.Hosting.Server.Abstractions.dll" /reference:"C:\Program Files\dotnet\packs\Microsoft.AspNetCore.App.Ref\8.0.20\ref\net8.0\Microsoft.AspNetCore.Html.Abstractions.dll" /reference:"C:\Program Files\dotnet\packs\Microsoft.AspNetCore.App.Ref\8.0.20\ref\net8.0\Microsoft.AspNetCore.Http.Abstractions.dll" /reference:"C:\Program Files\dotnet\packs\Microsoft.AspNetCore.App.Ref\8.0.20\ref\net8.0\Microsoft.AspNetCore.Http.Connections.Common.dll" /reference:"C:\Program Files\dotnet\packs\Microsoft.AspNetCore.App.Ref\8.0.20\ref\net8.0\Microsoft.AspNetCore.Http.Connections.dll" /reference:"C:\Program Files\dotnet\packs\Microsoft.AspNetCore.App.Ref\8.0.20\ref\net8.0\Microsoft.AspNetCore.Http.dll" /reference:"C:\Program Files\dotnet\packs\Microsoft.AspNetCore.App.Ref\8.0.20\ref\net8.0\Microsoft.AspNetCore.Http.Extensions.dll" /reference:"C:\Program Files\dotnet\packs\Microsoft.AspNetCore.App.Ref\8.0.20\ref\net8.0\Microsoft.AspNetCore.Http.Features.dll" /reference:"C:\Program Files\dotnet\packs\Microsoft.AspNetCore.App.Ref\8.0.20\ref\net8.0\Microsoft.AspNetCore.Http.Results.dll" /reference:"C:\Program Files\dotnet\packs\Microsoft.AspNetCore.App.Ref\8.0.20\ref\net8.0\Microsoft.AspNetCore.HttpLogging.dll" /reference:"C:\Program Files\dotnet\packs\Microsoft.AspNetCore.App.Ref\8.0.20\ref\net8.0\Microsoft.AspNetCore.HttpOverrides.dll" /reference:"C:\Program Files\dotnet\packs\Microsoft.AspNetCore.App.Ref\8.0.20\ref\net8.0\Microsoft.AspNetCore.HttpsPolicy.dll" /reference:"C:\Program Files\dotnet\packs\Microsoft.AspNetCore.App.Ref\8.0.20\ref\net8.0\Microsoft.AspNetCore.Identity.dll" /reference:"C:\Program Files\dotnet\packs\Microsoft.AspNetCore.App.Ref\8.0.20\ref\net8.0\Microsoft.AspNetCore.Localization.dll" /reference:"C:\Program Files\dotnet\packs\Microsoft.AspNetCore.App.Ref\8.0.20\ref\net8.0\Microsoft.AspNetCore.Localization.Routing.dll" /reference:"C:\Program Files\dotnet\packs\Microsoft.AspNetCore.App.Ref\8.0.20\ref\net8.0\Microsoft.AspNetCore.Metadata.dll" /reference:"C:\Program Files\dotnet\packs\Microsoft.AspNetCore.App.Ref\8.0.20\ref\net8.0\Microsoft.AspNetCore.Mvc.Abstractions.dll" /reference:"C:\Program Files\dotnet\packs\Microsoft.AspNetCore.App.Ref\8.0.20\ref\net8.0\Microsoft.AspNetCore.Mvc.ApiExplorer.dll" /reference:"C:\Program Files\dotnet\packs\Microsoft.AspNetCore.App.Ref\8.0.20\ref\net8.0\Microsoft.AspNetCore.Mvc.Core.dll" /reference:"C:\Program Files\dotnet\packs\Microsoft.AspNetCore.App.Ref\8.0.20\ref\net8.0\Microsoft.AspNetCore.Mvc.Cors.dll" /reference:"C:\Program Files\dotnet\packs\Microsoft.AspNetCore.App.Ref\8.0.20\ref\net8.0\Microsoft.AspNetCore.Mvc.DataAnnotations.dll" /reference:"C:\Program Files\dotnet\packs\Microsoft.AspNetCore.App.Ref\8.0.20\ref\net8.0\Microsoft.AspNetCore.Mvc.dll" /reference:"C:\Program Files\dotnet\packs\Microsoft.AspNetCore.App.Ref\8.0.20\ref\net8.0\Microsoft.AspNetCore.Mvc.Formatters.Json.dll" /reference:"C:\Program Files\dotnet\packs\Microsoft.AspNetCore.App.Ref\8.0.20\ref\net8.0\Microsoft.AspNetCore.Mvc.Formatters.Xml.dll" /reference:"C:\Program Files\dotnet\packs\Microsoft.AspNetCore.App.Ref\8.0.20\ref\net8.0\Microsoft.AspNetCore.Mvc.Localization.dll" /reference:"C:\Program Files\dotnet\packs\Microsoft.AspNetCore.App.Ref\8.0.20\ref\net8.0\Microsoft.AspNetCore.Mvc.Razor.dll" /reference:"C:\Program Files\dotnet\packs\Microsoft.AspNetCore.App.Ref\8.0.20\ref\net8.0\Microsoft.AspNetCore.Mvc.RazorPages.dll" /reference:"C:\Program Files\dotnet\packs\Microsoft.AspNetCore.App.Ref\8.0.20\ref\net8.0\Microsoft.AspNetCore.Mvc.TagHelpers.dll" /reference:"C:\Program Files\dotnet\packs\Microsoft.AspNetCore.App.Ref\8.0.20\ref\net8.0\Microsoft.AspNetCore.Mvc.ViewFeatures.dll" /reference:"C:\Program Files\dotnet\packs\Microsoft.AspNetCore.App.Ref\8.0.20\ref\net8.0\Microsoft.AspNetCore.OutputCaching.dll" /reference:"C:\Program Files\dotnet\packs\Microsoft.AspNetCore.App.Ref\8.0.20\ref\net8.0\Microsoft.AspNetCore.RateLimiting.dll" /reference:"C:\Program Files\dotnet\packs\Microsoft.AspNetCore.App.Ref\8.0.20\ref\net8.0\Microsoft.AspNetCore.Razor.dll" /reference:"C:\Program Files\dotnet\packs\Microsoft.AspNetCore.App.Ref\8.0.20\ref\net8.0\Microsoft.AspNetCore.Razor.Runtime.dll" /reference:"C:\Program Files\dotnet\packs\Microsoft.AspNetCore.App.Ref\8.0.20\ref\net8.0\Microsoft.AspNetCore.RequestDecompression.dll" /reference:"C:\Program Files\dotnet\packs\Microsoft.AspNetCore.App.Ref\8.0.20\ref\net8.0\Microsoft.AspNetCore.ResponseCaching.Abstractions.dll" /reference:"C:\Program Files\dotnet\packs\Microsoft.AspNetCore.App.Ref\8.0.20\ref\net8.0\Microsoft.AspNetCore.ResponseCaching.dll" /reference:"C:\Program Files\dotnet\packs\Microsoft.AspNetCore.App.Ref\8.0.20\ref\net8.0\Microsoft.AspNetCore.ResponseCompression.dll" /reference:"C:\Program Files\dotnet\packs\Microsoft.AspNetCore.App.Ref\8.0.20\ref\net8.0\Microsoft.AspNetCore.Rewrite.dll" /reference:"C:\Program Files\dotnet\packs\Microsoft.AspNetCore.App.Ref\8.0.20\ref\net8.0\Microsoft.AspNetCore.Routing.Abstractions.dll" /reference:"C:\Program Files\dotnet\packs\Microsoft.AspNetCore.App.Ref\8.0.20\ref\net8.0\Microsoft.AspNetCore.Routing.dll" /reference:"C:\Program Files\dotnet\packs\Microsoft.AspNetCore.App.Ref\8.0.20\ref\net8.0\Microsoft.AspNetCore.Server.HttpSys.dll" /reference:"C:\Program Files\dotnet\packs\Microsoft.AspNetCore.App.Ref\8.0.20\ref\net8.0\Microsoft.AspNetCore.Server.IIS.dll" /reference:"C:\Program Files\dotnet\packs\Microsoft.AspNetCore.App.Ref\8.0.20\ref\net8.0\Microsoft.AspNetCore.Server.IISIntegration.dll" /reference:"C:\Program Files\dotnet\packs\Microsoft.AspNetCore.App.Ref\8.0.20\ref\net8.0\Microsoft.AspNetCore.Server.Kestrel.Core.dll" /reference:"C:\Program Files\dotnet\packs\Microsoft.AspNetCore.App.Ref\8.0.20\ref\net8.0\Microsoft.AspNetCore.Server.Kestrel.dll" /reference:"C:\Program Files\dotnet\packs\Microsoft.AspNetCore.App.Ref\8.0.20\ref\net8.0\Microsoft.AspNetCore.Server.Kestrel.Transport.NamedPipes.dll" /reference:"C:\Program Files\dotnet\packs\Microsoft.AspNetCore.App.Ref\8.0.20\ref\net8.0\Microsoft.AspNetCore.Server.Kestrel.Transport.Quic.dll" /reference:"C:\Program Files\dotnet\packs\Microsoft.AspNetCore.App.Ref\8.0.20\ref\net8.0\Microsoft.AspNetCore.Server.Kestrel.Transport.Sockets.dll" /reference:"C:\Program Files\dotnet\packs\Microsoft.AspNetCore.App.Ref\8.0.20\ref\net8.0\Microsoft.AspNetCore.Session.dll" /reference:"C:\Program Files\dotnet\packs\Microsoft.AspNetCore.App.Ref\8.0.20\ref\net8.0\Microsoft.AspNetCore.SignalR.Common.dll" /reference:"C:\Program Files\dotnet\packs\Microsoft.AspNetCore.App.Ref\8.0.20\ref\net8.0\Microsoft.AspNetCore.SignalR.Core.dll" /reference:"C:\Program Files\dotnet\packs\Microsoft.AspNetCore.App.Ref\8.0.20\ref\net8.0\Microsoft.AspNetCore.SignalR.dll" /reference:"C:\Program Files\dotnet\packs\Microsoft.AspNetCore.App.Ref\8.0.20\ref\net8.0\Microsoft.AspNetCore.SignalR.Protocols.Json.dll" /reference:"C:\Program Files\dotnet\packs\Microsoft.AspNetCore.App.Ref\8.0.20\ref\net8.0\Microsoft.AspNetCore.StaticFiles.dll" /reference:"C:\Program Files\dotnet\packs\Microsoft.AspNetCore.App.Ref\8.0.20\ref\net8.0\Microsoft.AspNetCore.WebSockets.dll" /reference:"C:\Program Files\dotnet\packs\Microsoft.AspNetCore.App.Ref\8.0.20\ref\net8.0\Microsoft.AspNetCore.WebUtilities.dll" /reference:"C:\Program Files\dotnet\packs\Microsoft.NETCore.App.Ref\8.0.20\ref\net8.0\Microsoft.CSharp.dll" /reference:C:\Users\paulo.takeda\.nuget\packages\microsoft.entityframeworkcore.abstractions\8.0.0\lib\net8.0\Microsoft.EntityFrameworkCore.Abstractions.dll /reference:C:\Users\paulo.takeda\.nuget\packages\microsoft.entityframeworkcore\8.0.0\lib\net8.0\Microsoft.EntityFrameworkCore.dll /reference:C:\Users\paulo.takeda\.nuget\packages\microsoft.entityframeworkcore.relational\8.0.0\lib\net8.0\Microsoft.EntityFrameworkCore.Relational.dll /reference:"C:\Program Files\dotnet\packs\Microsoft.AspNetCore.App.Ref\8.0.20\ref\net8.0\Microsoft.Extensions.Caching.Abstractions.dll" /reference:"C:\Program Files\dotnet\packs\Microsoft.AspNetCore.App.Ref\8.0.20\ref\net8.0\Microsoft.Extensions.Caching.Memory.dll" /reference:"C:\Program Files\dotnet\packs\Microsoft.AspNetCore.App.Ref\8.0.20\ref\net8.0\Microsoft.Extensions.Configuration.Abstractions.dll" /reference:"C:\Program Files\dotnet\packs\Microsoft.AspNetCore.App.Ref\8.0.20\ref\net8.0\Microsoft.Extensions.Configuration.Binder.dll" /reference:"C:\Program Files\dotnet\packs\Microsoft.AspNetCore.App.Ref\8.0.20\ref\net8.0\Microsoft.Extensions.Configuration.CommandLine.dll" /reference:"C:\Program Files\dotnet\packs\Microsoft.AspNetCore.App.Ref\8.0.20\ref\net8.0\Microsoft.Extensions.Configuration.dll" /reference:"C:\Program Files\dotnet\packs\Microsoft.AspNetCore.App.Ref\8.0.20\ref\net8.0\Microsoft.Extensions.Configuration.EnvironmentVariables.dll" /reference:"C:\Program Files\dotnet\packs\Microsoft.AspNetCore.App.Ref\8.0.20\ref\net8.0\Microsoft.Extensions.Configuration.FileExtensions.dll" /reference:"C:\Program Files\dotnet\packs\Microsoft.AspNetCore.App.Ref\8.0.20\ref\net8.0\Microsoft.Extensions.Configuration.Ini.dll" /reference:"C:\Program Files\dotnet\packs\Microsoft.AspNetCore.App.Ref\8.0.20\ref\net8.0\Microsoft.Extensions.Configuration.Json.dll" /reference:"C:\Program Files\dotnet\packs\Microsoft.AspNetCore.App.Ref\8.0.20\ref\net8.0\Microsoft.Extensions.Configuration.KeyPerFile.dll" /reference:"C:\Program Files\dotnet\packs\Microsoft.AspNetCore.App.Ref\8.0.20\ref\net8.0\Microsoft.Extensions.Configuration.UserSecrets.dll" /reference:"C:\Program Files\dotnet\packs\Microsoft.AspNetCore.App.Ref\8.0.20\ref\net8.0\Microsoft.Extensions.Configuration.Xml.dll" /reference:"C:\Program Files\dotnet\packs\Microsoft.AspNetCore.App.Ref\8.0.20\ref\net8.0\Microsoft.Extensions.DependencyInjection.Abstractions.dll" /reference:"C:\Program Files\dotnet\packs\Microsoft.AspNetCore.App.Ref\8.0.20\ref\net8.0\Microsoft.Extensions.DependencyInjection.dll" /reference:"C:\Program Files\dotnet\packs\Microsoft.AspNetCore.App.Ref\8.0.20\ref\net8.0\Microsoft.Extensions.Diagnostics.Abstractions.dll" /reference:"C:\Program Files\dotnet\packs\Microsoft.AspNetCore.App.Ref\8.0.20\ref\net8.0\Microsoft.Extensions.Diagnostics.dll" /reference:"C:\Program Files\dotnet\packs\Microsoft.AspNetCore.App.Ref\8.0.20\ref\net8.0\Microsoft.Extensions.Diagnostics.HealthChecks.Abstractions.dll" /reference:"C:\Program Files\dotnet\packs\Microsoft.AspNetCore.App.Ref\8.0.20\ref\net8.0\Microsoft.Extensions.Diagnostics.HealthChecks.dll" /reference:"C:\Program Files\dotnet\packs\Microsoft.AspNetCore.App.Ref\8.0.20\ref\net8.0\Microsoft.Extensions.Features.dll" /reference:"C:\Program Files\dotnet\packs\Microsoft.AspNetCore.App.Ref\8.0.20\ref\net8.0\Microsoft.Extensions.FileProviders.Abstractions.dll" /reference:"C:\Program Files\dotnet\packs\Microsoft.AspNetCore.App.Ref\8.0.20\ref\net8.0\Microsoft.Extensions.FileProviders.Composite.dll" /reference:"C:\Program Files\dotnet\packs\Microsoft.AspNetCore.App.Ref\8.0.20\ref\net8.0\Microsoft.Extensions.FileProviders.Embedded.dll" /reference:"C:\Program Files\dotnet\packs\Microsoft.AspNetCore.App.Ref\8.0.20\ref\net8.0\Microsoft.Extensions.FileProviders.Physical.dll" /reference:"C:\Program Files\dotnet\packs\Microsoft.AspNetCore.App.Ref\8.0.20\ref\net8.0\Microsoft.Extensions.FileSystemGlobbing.dll" /reference:"C:\Program Files\dotnet\packs\Microsoft.AspNetCore.App.Ref\8.0.20\ref\net8.0\Microsoft.Extensions.Hosting.Abstractions.dll" /reference:"C:\Program Files\dotnet\packs\Microsoft.AspNetCore.App.Ref\8.0.20\ref\net8.0\Microsoft.Extensions.Hosting.dll" /reference:"C:\Program Files\dotnet\packs\Microsoft.AspNetCore.App.Ref\8.0.20\ref\net8.0\Microsoft.Extensions.Http.dll" /reference:"C:\Program Files\dotnet\packs\Microsoft.AspNetCore.App.Ref\8.0.20\ref\net8.0\Microsoft.Extensions.Identity.Core.dll" /reference:"C:\Program Files\dotnet\packs\Microsoft.AspNetCore.App.Ref\8.0.20\ref\net8.0\Microsoft.Extensions.Identity.Stores.dll" /reference:"C:\Program Files\dotnet\packs\Microsoft.AspNetCore.App.Ref\8.0.20\ref\net8.0\Microsoft.Extensions.Localization.Abstractions.dll" /reference:"C:\Program Files\dotnet\packs\Microsoft.AspNetCore.App.Ref\8.0.20\ref\net8.0\Microsoft.Extensions.Localization.dll" /reference:"C:\Program Files\dotnet\packs\Microsoft.AspNetCore.App.Ref\8.0.20\ref\net8.0\Microsoft.Extensions.Logging.Abstractions.dll" /reference:"C:\Program Files\dotnet\packs\Microsoft.AspNetCore.App.Ref\8.0.20\ref\net8.0\Microsoft.Extensions.Logging.Configuration.dll" /reference:"C:\Program Files\dotnet\packs\Microsoft.AspNetCore.App.Ref\8.0.20\ref\net8.0\Microsoft.Extensions.Logging.Console.dll" /reference:"C:\Program Files\dotnet\packs\Microsoft.AspNetCore.App.Ref\8.0.20\ref\net8.0\Microsoft.Extensions.Logging.Debug.dll" /reference:"C:\Program Files\dotnet\packs\Microsoft.AspNetCore.App.Ref\8.0.20\ref\net8.0\Microsoft.Extensions.Logging.dll" /reference:"C:\Program Files\dotnet\packs\Microsoft.AspNetCore.App.Ref\8.0.20\ref\net8.0\Microsoft.Extensions.Logging.EventLog.dll" /reference:"C:\Program Files\dotnet\packs\Microsoft.AspNetCore.App.Ref\8.0.20\ref\net8.0\Microsoft.Extensions.Logging.EventSource.dll" /reference:"C:\Program Files\dotnet\packs\Microsoft.AspNetCore.App.Ref\8.0.20\ref\net8.0\Microsoft.Extensions.Logging.TraceSource.dll" /reference:"C:\Program Files\dotnet\packs\Microsoft.AspNetCore.App.Ref\8.0.20\ref\net8.0\Microsoft.Extensions.ObjectPool.dll" /reference:"C:\Program Files\dotnet\packs\Microsoft.AspNetCore.App.Ref\8.0.20\ref\net8.0\Microsoft.Extensions.Options.ConfigurationExtensions.dll" /reference:"C:\Program Files\dotnet\packs\Microsoft.AspNetCore.App.Ref\8.0.20\ref\net8.0\Microsoft.Extensions.Options.DataAnnotations.dll" /reference:"C:\Program Files\dotnet\packs\Microsoft.AspNetCore.App.Ref\8.0.20\ref\net8.0\Microsoft.Extensions.Options.dll" /reference:"C:\Program Files\dotnet\packs\Microsoft.AspNetCore.App.Ref\8.0.20\ref\net8.0\Microsoft.Extensions.Primitives.dll" /reference:"C:\Program Files\dotnet\packs\Microsoft.AspNetCore.App.Ref\8.0.20\ref\net8.0\Microsoft.Extensions.WebEncoders.dll" /reference:C:\Users\paulo.takeda\.nuget\packages\microsoft.io.recyclablememorystream\3.0.1\lib\net6.0\Microsoft.IO.RecyclableMemoryStream.dll /reference:"C:\Program Files\dotnet\packs\Microsoft.AspNetCore.App.Ref\8.0.20\ref\net8.0\Microsoft.JSInterop.dll" /reference:"C:\Program Files\dotnet\packs\Microsoft.AspNetCore.App.Ref\8.0.20\ref\net8.0\Microsoft.Net.Http.Headers.dll" /reference:C:\Users\paulo.takeda\.nuget\packages\microsoft.openapi\1.2.3\lib\netstandard2.0\Microsoft.OpenApi.dll /reference:"C:\Program Files\dotnet\packs\Microsoft.NETCore.App.Ref\8.0.20\ref\net8.0\Microsoft.VisualBasic.Core.dll" /reference:"C:\Program Files\dotnet\packs\Microsoft.NETCore.App.Ref\8.0.20\ref\net8.0\Microsoft.VisualBasic.dll" /reference:"C:\Program Files\dotnet\packs\Microsoft.NETCore.App.Ref\8.0.20\ref\net8.0\Microsoft.Win32.Primitives.dll" /reference:"C:\Program Files\dotnet\packs\Microsoft.NETCore.App.Ref\8.0.20\ref\net8.0\Microsoft.Win32.Registry.dll" /reference:"C:\Program Files\dotnet\packs\Microsoft.NETCore.App.Ref\8.0.20\ref\net8.0\mscorlib.dll" /reference:"C:\Program Files\dotnet\packs\Microsoft.NETCore.App.Ref\8.0.20\ref\net8.0\netstandard.dll" /reference:C:\Users\paulo.takeda\.nuget\packages\npgsql\8.0.0\lib\net8.0\Npgsql.dll /reference:C:\Users\paulo.takeda\.nuget\packages\npgsql.entityframeworkcore.postgresql\8.0.0\lib\net8.0\Npgsql.EntityFrameworkCore.PostgreSQL.dll /reference:C:\Users\paulo.takeda\.nuget\packages\swashbuckle.aspnetcore.swagger\6.5.0\lib\net7.0\Swashbuckle.AspNetCore.Swagger.dll /reference:C:\Users\paulo.takeda\.nuget\packages\swashbuckle.aspnetcore.swaggergen\6.5.0\lib\net7.0\Swashbuckle.AspNetCore.SwaggerGen.dll /reference:C:\Users\paulo.takeda\.nuget\packages\swashbuckle.aspnetcore.swaggerui\6.5.0\lib\net7.0\Swashbuckle.AspNetCore.SwaggerUI.dll /reference:"C:\Program Files\dotnet\packs\Microsoft.NETCore.App.Ref\8.0.20\ref\net8.0\System.AppContext.dll" /reference:"C:\Program Files\dotnet\packs\Microsoft.NETCore.App.Ref\8.0.20\ref\net8.0\System.Buffers.dll" /reference:"C:\Program Files\dotnet\packs\Microsoft.NETCore.App.Ref\8.0.20\ref\net8.0\System.Collections.Concurrent.dll" /reference:"C:\Program Files\dotnet\packs\Microsoft.NETCore.App.Ref\8.0.20\ref\net8.0\System.Collections.dll" /reference:"C:\Program Files\dotnet\packs\Microsoft.NETCore.App.Ref\8.0.20\ref\net8.0\System.Collections.Immutable.dll" /reference:"C:\Program Files\dotnet\packs\Microsoft.NETCore.App.Ref\8.0.20\ref\net8.0\System.Collections.NonGeneric.dll" /reference:"C:\Program Files\dotnet\packs\Microsoft.NETCore.App.Ref\8.0.20\ref\net8.0\System.Collections.Specialized.dll" /reference:"C:\Program Files\dotnet\packs\Microsoft.NETCore.App.Ref\8.0.20\ref\net8.0\System.ComponentModel.Annotations.dll" /reference:"C:\Program Files\dotnet\packs\Microsoft.NETCore.App.Ref\8.0.20\ref\net8.0\System.ComponentModel.DataAnnotations.dll" /reference:"C:\Program Files\dotnet\packs\Microsoft.NETCore.App.Ref\8.0.20\ref\net8.0\System.ComponentModel.dll" /reference:"C:\Program Files\dotnet\packs\Microsoft.NETCore.App.Ref\8.0.20\ref\net8.0\System.ComponentModel.EventBasedAsync.dll" /reference:"C:\Program Files\dotnet\packs\Microsoft.NETCore.App.Ref\8.0.20\ref\net8.0\System.ComponentModel.Primitives.dll" /reference:"C:\Program Files\dotnet\packs\Microsoft.NETCore.App.Ref\8.0.20\ref\net8.0\System.ComponentModel.TypeConverter.dll" /reference:"C:\Program Files\dotnet\packs\Microsoft.NETCore.App.Ref\8.0.20\ref\net8.0\System.Configuration.dll" /reference:"C:\Program Files\dotnet\packs\Microsoft.NETCore.App.Ref\8.0.20\ref\net8.0\System.Console.dll" /reference:"C:\Program Files\dotnet\packs\Microsoft.NETCore.App.Ref\8.0.20\ref\net8.0\System.Core.dll" /reference:"C:\Program Files\dotnet\packs\Microsoft.NETCore.App.Ref\8.0.20\ref\net8.0\System.Data.Common.dll" /reference:"C:\Program Files\dotnet\packs\Microsoft.NETCore.App.Ref\8.0.20\ref\net8.0\System.Data.DataSetExtensions.dll" /reference:"C:\Program Files\dotnet\packs\Microsoft.NETCore.App.Ref\8.0.20\ref\net8.0\System.Data.dll" /reference:"C:\Program Files\dotnet\packs\Microsoft.NETCore.App.Ref\8.0.20\ref\net8.0\System.Diagnostics.Contracts.dll" /reference:"C:\Program Files\dotnet\packs\Microsoft.NETCore.App.Ref\8.0.20\ref\net8.0\System.Diagnostics.Debug.dll" /reference:"C:\Program Files\dotnet\packs\Microsoft.NETCore.App.Ref\8.0.20\ref\net8.0\System.Diagnostics.DiagnosticSource.dll" /reference:"C:\Program Files\dotnet\packs\Microsoft.AspNetCore.App.Ref\8.0.20\ref\net8.0\System.Diagnostics.EventLog.dll" /reference:"C:\Program Files\dotnet\packs\Microsoft.NETCore.App.Ref\8.0.20\ref\net8.0\System.Diagnostics.FileVersionInfo.dll" /reference:"C:\Program Files\dotnet\packs\Microsoft.NETCore.App.Ref\8.0.20\ref\net8.0\System.Diagnostics.Process.dll" /reference:"C:\Program Files\dotnet\packs\Microsoft.NETCore.App.Ref\8.0.20\ref\net8.0\System.Diagnostics.StackTrace.dll" /reference:"C:\Program Files\dotnet\packs\Microsoft.NETCore.App.Ref\8.0.20\ref\net8.0\System.Diagnostics.TextWriterTraceListener.dll" /reference:"C:\Program Files\dotnet\packs\Microsoft.NETCore.App.Ref\8.0.20\ref\net8.0\System.Diagnostics.Tools.dll" /reference:"C:\Program Files\dotnet\packs\Microsoft.NETCore.App.Ref\8.0.20\ref\net8.0\System.Diagnostics.TraceSource.dll" /reference:"C:\Program Files\dotnet\packs\Microsoft.NETCore.App.Ref\8.0.20\ref\net8.0\System.Diagnostics.Tracing.dll" /reference:"C:\Program Files\dotnet\packs\Microsoft.NETCore.App.Ref\8.0.20\ref\net8.0\System.dll" /reference:"C:\Program Files\dotnet\packs\Microsoft.NETCore.App.Ref\8.0.20\ref\net8.0\System.Drawing.dll" /reference:"C:\Program Files\dotnet\packs\Microsoft.NETCore.App.Ref\8.0.20\ref\net8.0\System.Drawing.Primitives.dll" /reference:"C:\Program Files\dotnet\packs\Microsoft.NETCore.App.Ref\8.0.20\ref\net8.0\System.Dynamic.Runtime.dll" /reference:"C:\Program Files\dotnet\packs\Microsoft.NETCore.App.Ref\8.0.20\ref\net8.0\System.Formats.Asn1.dll" /reference:"C:\Program Files\dotnet\packs\Microsoft.NETCore.App.Ref\8.0.20\ref\net8.0\System.Formats.Tar.dll" /reference:"C:\Program Files\dotnet\packs\Microsoft.NETCore.App.Ref\8.0.20\ref\net8.0\System.Globalization.Calendars.dll" /reference:"C:\Program Files\dotnet\packs\Microsoft.NETCore.App.Ref\8.0.20\ref\net8.0\System.Globalization.dll" /reference:"C:\Program Files\dotnet\packs\Microsoft.NETCore.App.Ref\8.0.20\ref\net8.0\System.Globalization.Extensions.dll" /reference:"C:\Program Files\dotnet\packs\Microsoft.NETCore.App.Ref\8.0.20\ref\net8.0\System.IO.Compression.Brotli.dll" /reference:"C:\Program Files\dotnet\packs\Microsoft.NETCore.App.Ref\8.0.20\ref\net8.0\System.IO.Compression.dll" /reference:"C:\Program Files\dotnet\packs\Microsoft.NETCore.App.Ref\8.0.20\ref\net8.0\System.IO.Compression.FileSystem.dll" /reference:"C:\Program Files\dotnet\packs\Microsoft.NETCore.App.Ref\8.0.20\ref\net8.0\System.IO.Compression.ZipFile.dll" /reference:"C:\Program Files\dotnet\packs\Microsoft.NETCore.App.Ref\8.0.20\ref\net8.0\System.IO.dll" /reference:"C:\Program Files\dotnet\packs\Microsoft.NETCore.App.Ref\8.0.20\ref\net8.0\System.IO.FileSystem.AccessControl.dll" /reference:"C:\Program Files\dotnet\packs\Microsoft.NETCore.App.Ref\8.0.20\ref\net8.0\System.IO.FileSystem.dll" /reference:"C:\Program Files\dotnet\packs\Microsoft.NETCore.App.Ref\8.0.20\ref\net8.0\System.IO.FileSystem.DriveInfo.dll" /reference:"C:\Program Files\dotnet\packs\Microsoft.NETCore.App.Ref\8.0.20\ref\net8.0\System.IO.FileSystem.Primitives.dll" /reference:"C:\Program Files\dotnet\packs\Microsoft.NETCore.App.Ref\8.0.20\ref\net8.0\System.IO.FileSystem.Watcher.dll" /reference:"C:\Program Files\dotnet\packs\Microsoft.NETCore.App.Ref\8.0.20\ref\net8.0\System.IO.IsolatedStorage.dll" /reference:"C:\Program Files\dotnet\packs\Microsoft.NETCore.App.Ref\8.0.20\ref\net8.0\System.IO.MemoryMappedFiles.dll" /reference:"C:\Program Files\dotnet\packs\Microsoft.AspNetCore.App.Ref\8.0.20\ref\net8.0\System.IO.Pipelines.dll" /reference:"C:\Program Files\dotnet\packs\Microsoft.NETCore.App.Ref\8.0.20\ref\net8.0\System.IO.Pipes.AccessControl.dll" /reference:"C:\Program Files\dotnet\packs\Microsoft.NETCore.App.Ref\8.0.20\ref\net8.0\System.IO.Pipes.dll" /reference:"C:\Program Files\dotnet\packs\Microsoft.NETCore.App.Ref\8.0.20\ref\net8.0\System.IO.UnmanagedMemoryStream.dll" /reference:"C:\Program Files\dotnet\packs\Microsoft.NETCore.App.Ref\8.0.20\ref\net8.0\System.Linq.dll" /reference:"C:\Program Files\dotnet\packs\Microsoft.NETCore.App.Ref\8.0.20\ref\net8.0\System.Linq.Expressions.dll" /reference:"C:\Program Files\dotnet\packs\Microsoft.NETCore.App.Ref\8.0.20\ref\net8.0\System.Linq.Parallel.dll" /reference:"C:\Program Files\dotnet\packs\Microsoft.NETCore.App.Ref\8.0.20\ref\net8.0\System.Linq.Queryable.dll" /reference:"C:\Program Files\dotnet\packs\Microsoft.NETCore.App.Ref\8.0.20\ref\net8.0\System.Memory.dll" /reference:"C:\Program Files\dotnet\packs\Microsoft.NETCore.App.Ref\8.0.20\ref\net8.0\System.Net.dll" /reference:"C:\Program Files\dotnet\packs\Microsoft.NETCore.App.Ref\8.0.20\ref\net8.0\System.Net.Http.dll" /reference:"C:\Program Files\dotnet\packs\Microsoft.NETCore.App.Ref\8.0.20\ref\net8.0\System.Net.Http.Json.dll" /reference:"C:\Program Files\dotnet\packs\Microsoft.NETCore.App.Ref\8.0.20\ref\net8.0\System.Net.HttpListener.dll" /reference:"C:\Program Files\dotnet\packs\Microsoft.NETCore.App.Ref\8.0.20\ref\net8.0\System.Net.Mail.dll" /reference:"C:\Program Files\dotnet\packs\Microsoft.NETCore.App.Ref\8.0.20\ref\net8.0\System.Net.NameResolution.dll" /reference:"C:\Program Files\dotnet\packs\Microsoft.NETCore.App.Ref\8.0.20\ref\net8.0\System.Net.NetworkInformation.dll" /reference:"C:\Program Files\dotnet\packs\Microsoft.NETCore.App.Ref\8.0.20\ref\net8.0\System.Net.Ping.dll" /reference:"C:\Program Files\dotnet\packs\Microsoft.NETCore.App.Ref\8.0.20\ref\net8.0\System.Net.Primitives.dll" /reference:"C:\Program Files\dotnet\packs\Microsoft.NETCore.App.Ref\8.0.20\ref\net8.0\System.Net.Quic.dll" /reference:"C:\Program Files\dotnet\packs\Microsoft.NETCore.App.Ref\8.0.20\ref\net8.0\System.Net.Requests.dll" /reference:"C:\Program Files\dotnet\packs\Microsoft.NETCore.App.Ref\8.0.20\ref\net8.0\System.Net.Security.dll" /reference:"C:\Program Files\dotnet\packs\Microsoft.NETCore.App.Ref\8.0.20\ref\net8.0\System.Net.ServicePoint.dll" /reference:"C:\Program Files\dotnet\packs\Microsoft.NETCore.App.Ref\8.0.20\ref\net8.0\System.Net.Sockets.dll" /reference:"C:\Program Files\dotnet\packs\Microsoft.NETCore.App.Ref\8.0.20\ref\net8.0\System.Net.WebClient.dll" /reference:"C:\Program Files\dotnet\packs\Microsoft.NETCore.App.Ref\8.0.20\ref\net8.0\System.Net.WebHeaderCollection.dll" /reference:"C:\Program Files\dotnet\packs\Microsoft.NETCore.App.Ref\8.0.20\ref\net8.0\System.Net.WebProxy.dll" /reference:"C:\Program Files\dotnet\packs\Microsoft.NETCore.App.Ref\8.0.20\ref\net8.0\System.Net.WebSockets.Client.dll" /reference:"C:\Program Files\dotnet\packs\Microsoft.NETCore.App.Ref\8.0.20\ref\net8.0\System.Net.WebSockets.dll" /reference:"C:\Program Files\dotnet\packs\Microsoft.NETCore.App.Ref\8.0.20\ref\net8.0\System.Numerics.dll" /reference:"C:\Program Files\dotnet\packs\Microsoft.NETCore.App.Ref\8.0.20\ref\net8.0\System.Numerics.Vectors.dll" /reference:"C:\Program Files\dotnet\packs\Microsoft.NETCore.App.Ref\8.0.20\ref\net8.0\System.ObjectModel.dll" /reference:"C:\Program Files\dotnet\packs\Microsoft.NETCore.App.Ref\8.0.20\ref\net8.0\System.Reflection.DispatchProxy.dll" /reference:"C:\Program Files\dotnet\packs\Microsoft.NETCore.App.Ref\8.0.20\ref\net8.0\System.Reflection.dll" /reference:"C:\Program Files\dotnet\packs\Microsoft.NETCore.App.Ref\8.0.20\ref\net8.0\System.Reflection.Emit.dll" /reference:"C:\Program Files\dotnet\packs\Microsoft.NETCore.App.Ref\8.0.20\ref\net8.0\System.Reflection.Emit.ILGeneration.dll" /reference:"C:\Program Files\dotnet\packs\Microsoft.NETCore.App.Ref\8.0.20\ref\net8.0\System.Reflection.Emit.Lightweight.dll" /reference:"C:\Program Files\dotnet\packs\Microsoft.NETCore.App.Ref\8.0.20\ref\net8.0\System.Reflection.Extensions.dll" /reference:"C:\Program Files\dotnet\packs\Microsoft.NETCore.App.Ref\8.0.20\ref\net8.0\System.Reflection.Metadata.dll" /reference:"C:\Program Files\dotnet\packs\Microsoft.NETCore.App.Ref\8.0.20\ref\net8.0\System.Reflection.Primitives.dll" /reference:"C:\Program Files\dotnet\packs\Microsoft.NETCore.App.Ref\8.0.20\ref\net8.0\System.Reflection.TypeExtensions.dll" /reference:"C:\Program Files\dotnet\packs\Microsoft.NETCore.App.Ref\8.0.20\ref\net8.0\System.Resources.Reader.dll" /reference:"C:\Program Files\dotnet\packs\Microsoft.NETCore.App.Ref\8.0.20\ref\net8.0\System.Resources.ResourceManager.dll" /reference:"C:\Program Files\dotnet\packs\Microsoft.NETCore.App.Ref\8.0.20\ref\net8.0\System.Resources.Writer.dll" /reference:"C:\Program Files\dotnet\packs\Microsoft.NETCore.App.Ref\8.0.20\ref\net8.0\System.Runtime.CompilerServices.Unsafe.dll" /reference:"C:\Program Files\dotnet\packs\Microsoft.NETCore.App.Ref\8.0.20\ref\net8.0\System.Runtime.CompilerServices.VisualC.dll" /reference:"C:\Program Files\dotnet\packs\Microsoft.NETCore.App.Ref\8.0.20\ref\net8.0\System.Runtime.dll" /reference:"C:\Program Files\dotnet\packs\Microsoft.NETCore.App.Ref\8.0.20\ref\net8.0\System.Runtime.Extensions.dll" /reference:"C:\Program Files\dotnet\packs\Microsoft.NETCore.App.Ref\8.0.20\ref\net8.0\System.Runtime.Handles.dll" /reference:"C:\Program Files\dotnet\packs\Microsoft.NETCore.App.Ref\8.0.20\ref\net8.0\System.Runtime.InteropServices.dll" /reference:"C:\Program Files\dotnet\packs\Microsoft.NETCore.App.Ref\8.0.20\ref\net8.0\System.Runtime.InteropServices.JavaScript.dll" /reference:"C:\Program Files\dotnet\packs\Microsoft.NETCore.App.Ref\8.0.20\ref\net8.0\System.Runtime.InteropServices.RuntimeInformation.dll" /reference:"C:\Program Files\dotnet\packs\Microsoft.NETCore.App.Ref\8.0.20\ref\net8.0\System.Runtime.Intrinsics.dll" /reference:"C:\Program Files\dotnet\packs\Microsoft.NETCore.App.Ref\8.0.20\ref\net8.0\System.Runtime.Loader.dll" /reference:"C:\Program Files\dotnet\packs\Microsoft.NETCore.App.Ref\8.0.20\ref\net8.0\System.Runtime.Numerics.dll" /reference:"C:\Program Files\dotnet\packs\Microsoft.NETCore.App.Ref\8.0.20\ref\net8.0\System.Runtime.Serialization.dll" /reference:"C:\Program Files\dotnet\packs\Microsoft.NETCore.App.Ref\8.0.20\ref\net8.0\System.Runtime.Serialization.Formatters.dll" /reference:"C:\Program Files\dotnet\packs\Microsoft.NETCore.App.Ref\8.0.20\ref\net8.0\System.Runtime.Serialization.Json.dll" /reference:"C:\Program Files\dotnet\packs\Microsoft.NETCore.App.Ref\8.0.20\ref\net8.0\System.Runtime.Serialization.Primitives.dll" /reference:"C:\Program Files\dotnet\packs\Microsoft.NETCore.App.Ref\8.0.20\ref\net8.0\System.Runtime.Serialization.Xml.dll" /reference:"C:\Program Files\dotnet\packs\Microsoft.NETCore.App.Ref\8.0.20\ref\net8.0\System.Security.AccessControl.dll" /reference:"C:\Program Files\dotnet\packs\Microsoft.NETCore.App.Ref\8.0.20\ref\net8.0\System.Security.Claims.dll" /reference:"C:\Program Files\dotnet\packs\Microsoft.NETCore.App.Ref\8.0.20\ref\net8.0\System.Security.Cryptography.Algorithms.dll" /reference:"C:\Program Files\dotnet\packs\Microsoft.NETCore.App.Ref\8.0.20\ref\net8.0\System.Security.Cryptography.Cng.dll" /reference:"C:\Program Files\dotnet\packs\Microsoft.NETCore.App.Ref\8.0.20\ref\net8.0\System.Security.Cryptography.Csp.dll" /reference:"C:\Program Files\dotnet\packs\Microsoft.NETCore.App.Ref\8.0.20\ref\net8.0\System.Security.Cryptography.dll" /reference:"C:\Program Files\dotnet\packs\Microsoft.NETCore.App.Ref\8.0.20\ref\net8.0\System.Security.Cryptography.Encoding.dll" /reference:"C:\Program Files\dotnet\packs\Microsoft.NETCore.App.Ref\8.0.20\ref\net8.0\System.Security.Cryptography.OpenSsl.dll" /reference:C:\Users\paulo.takeda\.nuget\packages\system.security.cryptography.pkcs\8.0.1\lib\net8.0\System.Security.Cryptography.Pkcs.dll /reference:"C:\Program Files\dotnet\packs\Microsoft.NETCore.App.Ref\8.0.20\ref\net8.0\System.Security.Cryptography.Primitives.dll" /reference:"C:\Program Files\dotnet\packs\Microsoft.NETCore.App.Ref\8.0.20\ref\net8.0\System.Security.Cryptography.X509Certificates.dll" /reference:"C:\Program Files\dotnet\packs\Microsoft.AspNetCore.App.Ref\8.0.20\ref\net8.0\System.Security.Cryptography.Xml.dll" /reference:"C:\Program Files\dotnet\packs\Microsoft.NETCore.App.Ref\8.0.20\ref\net8.0\System.Security.dll" /reference:"C:\Program Files\dotnet\packs\Microsoft.NETCore.App.Ref\8.0.20\ref\net8.0\System.Security.Principal.dll" /reference:"C:\Program Files\dotnet\packs\Microsoft.NETCore.App.Ref\8.0.20\ref\net8.0\System.Security.Principal.Windows.dll" /reference:"C:\Program Files\dotnet\packs\Microsoft.NETCore.App.Ref\8.0.20\ref\net8.0\System.Security.SecureString.dll" /reference:"C:\Program Files\dotnet\packs\Microsoft.NETCore.App.Ref\8.0.20\ref\net8.0\System.ServiceModel.Web.dll" /reference:"C:\Program Files\dotnet\packs\Microsoft.NETCore.App.Ref\8.0.20\ref\net8.0\System.ServiceProcess.dll" /reference:"C:\Program Files\dotnet\packs\Microsoft.NETCore.App.Ref\8.0.20\ref\net8.0\System.Text.Encoding.CodePages.dll" /reference:"C:\Program Files\dotnet\packs\Microsoft.NETCore.App.Ref\8.0.20\ref\net8.0\System.Text.Encoding.dll" /reference:"C:\Program Files\dotnet\packs\Microsoft.NETCore.App.Ref\8.0.20\ref\net8.0\System.Text.Encoding.Extensions.dll" /reference:"C:\Program Files\dotnet\packs\Microsoft.NETCore.App.Ref\8.0.20\ref\net8.0\System.Text.Encodings.Web.dll" /reference:"C:\Program Files\dotnet\packs\Microsoft.NETCore.App.Ref\8.0.20\ref\net8.0\System.Text.Json.dll" /reference:"C:\Program Files\dotnet\packs\Microsoft.NETCore.App.Ref\8.0.20\ref\net8.0\System.Text.RegularExpressions.dll" /reference:"C:\Program Files\dotnet\packs\Microsoft.NETCore.App.Ref\8.0.20\ref\net8.0\System.Threading.Channels.dll" /reference:"C:\Program Files\dotnet\packs\Microsoft.NETCore.App.Ref\8.0.20\ref\net8.0\System.Threading.dll" /reference:"C:\Program Files\dotnet\packs\Microsoft.NETCore.App.Ref\8.0.20\ref\net8.0\System.Threading.Overlapped.dll" /reference:"C:\Program Files\dotnet\packs\Microsoft.AspNetCore.App.Ref\8.0.20\ref\net8.0\System.Threading.RateLimiting.dll" /reference:"C:\Program Files\dotnet\packs\Microsoft.NETCore.App.Ref\8.0.20\ref\net8.0\System.Threading.Tasks.Dataflow.dll" /reference:"C:\Program Files\dotnet\packs\Microsoft.NETCore.App.Ref\8.0.20\ref\net8.0\System.Threading.Tasks.dll" /reference:"C:\Program Files\dotnet\packs\Microsoft.NETCore.App.Ref\8.0.20\ref\net8.0\System.Threading.Tasks.Extensions.dll" /reference:"C:\Program Files\dotnet\packs\Microsoft.NETCore.App.Ref\8.0.20\ref\net8.0\System.Threading.Tasks.Parallel.dll" /reference:"C:\Program Files\dotnet\packs\Microsoft.NETCore.App.Ref\8.0.20\ref\net8.0\System.Threading.Thread.dll" /reference:"C:\Program Files\dotnet\packs\Microsoft.NETCore.App.Ref\8.0.20\ref\net8.0\System.Threading.ThreadPool.dll" /reference:"C:\Program Files\dotnet\packs\Microsoft.NETCore.App.Ref\8.0.20\ref\net8.0\System.Threading.Timer.dll" /reference:"C:\Program Files\dotnet\packs\Microsoft.NETCore.App.Ref\8.0.20\ref\net8.0\System.Transactions.dll" /reference:"C:\Program Files\dotnet\packs\Microsoft.NETCore.App.Ref\8.0.20\ref\net8.0\System.Transactions.Local.dll" /reference:"C:\Program Files\dotnet\packs\Microsoft.NETCore.App.Ref\8.0.20\ref\net8.0\System.ValueTuple.dll" /reference:"C:\Program Files\dotnet\packs\Microsoft.NETCore.App.Ref\8.0.20\ref\net8.0\System.Web.dll" /reference:"C:\Program Files\dotnet\packs\Microsoft.NETCore.App.Ref\8.0.20\ref\net8.0\System.Web.HttpUtility.dll" /reference:"C:\Program Files\dotnet\packs\Microsoft.NETCore.App.Ref\8.0.20\ref\net8.0\System.Windows.dll" /reference:"C:\Program Files\dotnet\packs\Microsoft.NETCore.App.Ref\8.0.20\ref\net8.0\System.Xml.dll" /reference:"C:\Program Files\dotnet\packs\Microsoft.NETCore.App.Ref\8.0.20\ref\net8.0\System.Xml.Linq.dll" /reference:"C:\Program Files\dotnet\packs\Microsoft.NETCore.App.Ref\8.0.20\ref\net8.0\System.Xml.ReaderWriter.dll" /reference:"C:\Program Files\dotnet\packs\Microsoft.NETCore.App.Ref\8.0.20\ref\net8.0\System.Xml.Serialization.dll" /reference:"C:\Program Files\dotnet\packs\Microsoft.NETCore.App.Ref\8.0.20\ref\net8.0\System.Xml.XDocument.dll" /reference:"C:\Program Files\dotnet\packs\Microsoft.NETCore.App.Ref\8.0.20\ref\net8.0\System.Xml.XmlDocument.dll" /reference:"C:\Program Files\dotnet\packs\Microsoft.NETCore.App.Ref\8.0.20\ref\net8.0\System.Xml.XmlSerializer.dll" /reference:"C:\Program Files\dotnet\packs\Microsoft.NETCore.App.Ref\8.0.20\ref\net8.0\System.Xml.XPath.dll" /reference:"C:\Program Files\dotnet\packs\Microsoft.NETCore.App.Ref\8.0.20\ref\net8.0\System.Xml.XPath.XDocument.dll" /reference:"C:\Program Files\dotnet\packs\Microsoft.NETCore.App.Ref\8.0.20\ref\net8.0\WindowsBase.dll" /debug+ /debug:portable /filealign:512 /optimize- /out:obj\Debug\net8.0\Pi.Api.dll /refout:obj\Debug\net8.0\refint\Pi.Api.dll /target:exe /warnaserror- /utf8output /deterministic+ /sourcelink:obj\Debug\net8.0\Pi.Api.sourcelink.json /langversion:12.0 /embed:obj\Debug\net8.0\Pi.Api.GlobalUsings.g.cs /embed:"obj\Debug\net8.0\.NETCoreApp,Version=v8.0.AssemblyAttributes.cs" /embed:obj\Debug\net8.0\Pi.Api.AssemblyInfo.cs /embed:obj\Debug\net8.0\Pi.Api.MvcApplicationPartsAssemblyInfo.cs /analyzerconfig:obj\Debug\net8.0\Pi.Api.GeneratedMSBuildEditorConfig.editorconfig /analyzerconfig:"C:\Program Files\dotnet\sdk\9.0.305\Sdks\Microsoft.NET.Sdk\analyzers\build\config\analysislevel_8_default.globalconfig" /analyzer:"C:\Program Files\dotnet\sdk\9.0.305\Sdks\Microsoft.NET.Sdk.Web\analyzers\cs\Microsoft.AspNetCore.Analyzers.dll" /analyzer:"C:\Program Files\dotnet\sdk\9.0.305\Sdks\Microsoft.NET.Sdk.Web\analyzers\cs\Microsoft.AspNetCore.Mvc.Analyzers.dll" /analyzer:"C:\Program Files\dotnet\sdk\9.0.305\Sdks\Microsoft.NET.Sdk\targets\..\analyzers\Microsoft.CodeAnalysis.CSharp.NetAnalyzers.dll" /analyzer:"C:\Program Files\dotnet\sdk\9.0.305\Sdks\Microsoft.NET.Sdk\targets\..\analyzers\Microsoft.CodeAnalysis.NetAnalyzers.dll" /analyzer:C:\Users\paulo.takeda\.nuget\packages\microsoft.codeanalysis.analyzers\3.3.3\analyzers\dotnet\cs\Microsoft.CodeAnalysis.Analyzers.dll /analyzer:C:\Users\paulo.takeda\.nuget\packages\microsoft.codeanalysis.analyzers\3.3.3\analyzers\dotnet\cs\Microsoft.CodeAnalysis.CSharp.Analyzers.dll /analyzer:C:\Users\paulo.takeda\.nuget\packages\microsoft.entityframeworkcore.analyzers\8.0.0\analyzers\dotnet\cs\Microsoft.EntityFrameworkCore.Analyzers.dll /analyzer:"C:\Program Files\dotnet\packs\Microsoft.NETCore.App.Ref\8.0.20\analyzers/dotnet/cs/Microsoft.Interop.ComInterfaceGenerator.dll" /analyzer:"C:\Program Files\dotnet\packs\Microsoft.NETCore.App.Ref\8.0.20\analyzers/dotnet/cs/Microsoft.Interop.JavaScript.JSImportGenerator.dll" /analyzer:"C:\Program Files\dotnet\packs\Microsoft.NETCore.App.Ref\8.0.20\analyzers/dotnet/cs/Microsoft.Interop.LibraryImportGenerator.dll" /analyzer:"C:\Program Files\dotnet\packs\Microsoft.NETCore.App.Ref\8.0.20\analyzers/dotnet/cs/Microsoft.Interop.SourceGeneration.dll" /analyzer:"C:\Program Files\dotnet\packs\Microsoft.NETCore.App.Ref\8.0.20\analyzers/dotnet/cs/System.Text.Json.SourceGeneration.dll" /analyzer:"C:\Program Files\dotnet\packs\Microsoft.NETCore.App.Ref\8.0.20\analyzers/dotnet/cs/System.Text.RegularExpressions.Generator.dll" /analyzer:"C:\Program Files\dotnet\packs\Microsoft.AspNetCore.App.Ref\8.0.20\analyzers/dotnet/cs/Microsoft.AspNetCore.App.Analyzers.dll" /analyzer:"C:\Program Files\dotnet\packs\Microsoft.AspNetCore.App.Ref\8.0.20\analyzers/dotnet/cs/Microsoft.AspNetCore.App.CodeFixes.dll" /analyzer:"C:\Program Files\dotnet\packs\Microsoft.AspNetCore.App.Ref\8.0.20\analyzers/dotnet/cs/Microsoft.AspNetCore.Components.Analyzers.dll" /analyzer:"C:\Program Files\dotnet\packs\Microsoft.AspNetCore.App.Ref\8.0.20\analyzers/dotnet/roslyn4.4/cs/Microsoft.Extensions.Logging.Generators.dll" /analyzer:"C:\Program Files\dotnet\packs\Microsoft.AspNetCore.App.Ref\8.0.20\analyzers/dotnet/roslyn4.4/cs/Microsoft.Extensions.Options.SourceGeneration.dll" /analyzer:"C:\Program Files\dotnet\sdk\9.0.305\Sdks\Microsoft.NET.Sdk.Razor\targets\..\source-generators\Microsoft.AspNetCore.Razor.Utilities.Shared.dll" /analyzer:"C:\Program Files\dotnet\sdk\9.0.305\Sdks\Microsoft.NET.Sdk.Razor\targets\..\source-generators\Microsoft.CodeAnalysis.Razor.Compiler.dll" /analyzer:"C:\Program Files\dotnet\sdk\9.0.305\Sdks\Microsoft.NET.Sdk.Razor\targets\..\source-generators\Microsoft.Extensions.ObjectPool.dll" /analyzer:"C:\Program Files\dotnet\sdk\9.0.305\Sdks\Microsoft.NET.Sdk.Razor\targets\..\source-generators\System.Collections.Immutable.dll" Controllers\CategoriasController.cs Controllers\ClientesController.cs Controllers\ConfiguracoesController.cs Controllers\ConfiguracoesFreteItemController.cs Controllers\FornecedoresController.cs Controllers\FreteItensController.cs Controllers\FretesController.cs Controllers\FxController.cs Controllers\ImportController.cs Controllers\ListaPrecosController.cs Controllers\MarcasController.cs Controllers\ModelosController.cs Controllers\ModulosController.cs Controllers\ModulosTecidosController.cs Controllers\PiItensController.cs Controllers\PisController.cs Controllers\TecidosController.cs Data\AppDbContext.cs Migrations\20260122184338_Initial.cs Migrations\20260122184338_Initial.Designer.cs Migrations\20260122233101_TableConfiguracao.cs Migrations\20260122233101_TableConfiguracao.Designer.cs Migrations\20260123124057_RemovePiAndPiSequenciaTables.cs Migrations\20260123124057_RemovePiAndPiSequenciaTables.Designer.cs Migrations\20260123145923_AddProformaInvoiceTables.cs Migrations\20260123145923_AddProformaInvoiceTables.Designer.cs Migrations\20260208170021_AddObservacaoToPiItem.cs Migrations\20260208170021_AddObservacaoToPiItem.Designer.cs Migrations\20260211120604_AddCodigoModuloTecido.cs Migrations\20260211120604_AddCodigoModuloTecido.Designer.cs Migrations\AppDbContextModelSnapshot.cs Models\Categoria.cs Models\Cliente.cs Models\Configuracao.cs Models\ConfiguracoesFreteItem.cs Models\Enums.cs Models\Fornecedor.cs Models\Frete.cs Models\FreteItem.cs Models\ListaPreco.cs Models\Marca.cs Models\Modelo.cs Models\Modulo.cs Models\ModuloTecido.cs Models\PiItem.cs Models\ProformaInvoice.cs Models\Tecido.cs Program.cs Services\CotacaoService.cs Services\ExcelImportService.cs Services\FxService.cs WeatherForecast.cs obj\Debug\net8.0\Pi.Api.GlobalUsings.g.cs "obj\Debug\net8.0\.NETCoreApp,Version=v8.0.AssemblyAttributes.cs" obj\Debug\net8.0\Pi.Api.AssemblyInfo.cs obj\Debug\net8.0\Pi.Api.MvcApplicationPartsAssemblyInfo.cs /warnaserror+:NU1605,SYSLIB0011
         CompilerServer: server - server processed compilation - Pi.Api (net8.0)
       _ProcessScopedCssFiles:
       Ignorando o destino "_ProcessScopedCssFiles" porque ele n├úo tem sa├¡das.
       _ProcessScopedCssFiles:
       Ignorando o destino "_ProcessScopedCssFiles" porque ele n├úo tem sa├¡das.
       _BuildCopyStaticWebAssetsPreserveNewest:
       Ignorando o destino "_BuildCopyStaticWebAssetsPreserveNewest" porque ele n├úo tem sa├¡das.
       _CopyFilesMarkedCopyLocal:
         Copiando o arquivo de "C:\Users\paulo.takeda\.nuget\packages\epplus\8.4.1\lib\net8.0\EPPlus.dll" para "E:\teste\pi-web\backend\Pi.Api\bin\Debug\net8.0\EPPlus.dll".
         Copiando o arquivo de "C:\Users\paulo.takeda\.nuget\packages\microsoft.bcl.asyncinterfaces\6.0.0\lib\netstandard2.1\Microsoft.Bcl.AsyncInterfaces.dll" para "E:\teste\pi-web\backend\Pi.Api\bin\Debug\net8.0\Microsoft.Bcl.AsyncInterfaces.dll".
         Copiando o arquivo de "C:\Users\paulo.takeda\.nuget\packages\epplus.interfaces\8.4.0\lib\net8.0\EPPlus.Interfaces.dll" para "E:\teste\pi-web\backend\Pi.Api\bin\Debug\net8.0\EPPlus.Interfaces.dll".
         Copiando o arquivo de "C:\Users\paulo.takeda\.nuget\packages\humanizer.core\2.14.1\lib\net6.0\Humanizer.dll" para "E:\teste\pi-web\backend\Pi.Api\bin\Debug\net8.0\Humanizer.dll".
         Copiando o arquivo de "C:\Users\paulo.takeda\.nuget\packages\microsoft.codeanalysis.common\4.5.0\lib\netcoreapp3.1\Microsoft.CodeAnalysis.dll" para "E:\teste\pi-web\backend\Pi.Api\bin\Debug\net8.0\Microsoft.CodeAnalysis.dll".
         Copiando o arquivo de "C:\Users\paulo.takeda\.nuget\packages\microsoft.codeanalysis.csharp\4.5.0\lib\netcoreapp3.1\Microsoft.CodeAnalysis.CSharp.dll" para "E:\teste\pi-web\backend\Pi.Api\bin\Debug\net8.0\Microsoft.CodeAnalysis.CSharp.dll".
         Copiando o arquivo de "C:\Users\paulo.takeda\.nuget\packages\microsoft.codeanalysis.csharp.workspaces\4.5.0\lib\netcoreapp3.1\Microsoft.CodeAnalysis.CSharp.Workspaces.dll" para "E:\teste\pi-web\backend\Pi.Api\bin\Debug\net8.0\Microsoft.CodeAnalysis.CSharp.Workspaces.dll".
         Copiando o arquivo de "C:\Users\paulo.takeda\.nuget\packages\microsoft.codeanalysis.workspaces.common\4.5.0\lib\netcoreapp3.1\Microsoft.CodeAnalysis.Workspaces.dll" para "E:\teste\pi-web\backend\Pi.Api\bin\Debug\net8.0\Microsoft.CodeAnalysis.Workspaces.dll".
         Copiando o arquivo de "C:\Users\paulo.takeda\.nuget\packages\microsoft.entityframeworkcore\8.0.0\lib\net8.0\Microsoft.EntityFrameworkCore.dll" para "E:\teste\pi-web\backend\Pi.Api\bin\Debug\net8.0\Microsoft.EntityFrameworkCore.dll".
         Copiando o arquivo de "C:\Users\paulo.takeda\.nuget\packages\microsoft.entityframeworkcore.abstractions\8.0.0\lib\net8.0\Microsoft.EntityFrameworkCore.Abstractions.dll" para "E:\teste\pi-web\backend\Pi.Api\bin\Debug\net8.0\Microsoft.EntityFrameworkCore.Abstractions.dll".
         Copiando o arquivo de "C:\Users\paulo.takeda\.nuget\packages\microsoft.entityframeworkcore.design\8.0.0\lib\net8.0\Microsoft.EntityFrameworkCore.Design.dll" para "E:\teste\pi-web\backend\Pi.Api\bin\Debug\net8.0\Microsoft.EntityFrameworkCore.Design.dll".
         Copiando o arquivo de "C:\Users\paulo.takeda\.nuget\packages\microsoft.entityframeworkcore.relational\8.0.0\lib\net8.0\Microsoft.EntityFrameworkCore.Relational.dll" para "E:\teste\pi-web\backend\Pi.Api\bin\Debug\net8.0\Microsoft.EntityFrameworkCore.Relational.dll".
         Copiando o arquivo de "C:\Users\paulo.takeda\.nuget\packages\microsoft.extensions.configuration.fileextensions\8.0.1\lib\net8.0\Microsoft.Extensions.Configuration.FileExtensions.dll" para "E:\teste\pi-web\backend\Pi.Api\bin\Debug\net8.0\Microsoft.Extensions.Configuration.FileExtensions.dll".
         Copiando o arquivo de "C:\Users\paulo.takeda\.nuget\packages\microsoft.extensions.configuration.json\8.0.1\lib\net8.0\Microsoft.Extensions.Configuration.Json.dll" para "E:\teste\pi-web\backend\Pi.Api\bin\Debug\net8.0\Microsoft.Extensions.Configuration.Json.dll".
         Copiando o arquivo de "C:\Users\paulo.takeda\.nuget\packages\microsoft.extensions.dependencymodel\8.0.0\lib\net8.0\Microsoft.Extensions.DependencyModel.dll" para "E:\teste\pi-web\backend\Pi.Api\bin\Debug\net8.0\Microsoft.Extensions.DependencyModel.dll".
         Copiando o arquivo de "C:\Users\paulo.takeda\.nuget\packages\microsoft.io.recyclablememorystream\3.0.1\lib\net6.0\Microsoft.IO.RecyclableMemoryStream.dll" para "E:\teste\pi-web\backend\Pi.Api\bin\Debug\net8.0\Microsoft.IO.RecyclableMemoryStream.dll".
         Copiando o arquivo de "C:\Users\paulo.takeda\.nuget\packages\microsoft.openapi\1.2.3\lib\netstandard2.0\Microsoft.OpenApi.dll" para "E:\teste\pi-web\backend\Pi.Api\bin\Debug\net8.0\Microsoft.OpenApi.dll".
         Copiando o arquivo de "C:\Users\paulo.takeda\.nuget\packages\mono.texttemplating\2.2.1\lib\netstandard2.0\Mono.TextTemplating.dll" para "E:\teste\pi-web\backend\Pi.Api\bin\Debug\net8.0\Mono.TextTemplating.dll".
         Copiando o arquivo de "C:\Users\paulo.takeda\.nuget\packages\npgsql\8.0.0\lib\net8.0\Npgsql.dll" para "E:\teste\pi-web\backend\Pi.Api\bin\Debug\net8.0\Npgsql.dll".
         Copiando o arquivo de "C:\Users\paulo.takeda\.nuget\packages\npgsql.entityframeworkcore.postgresql\8.0.0\lib\net8.0\Npgsql.EntityFrameworkCore.PostgreSQL.dll" para "E:\teste\pi-web\backend\Pi.Api\bin\Debug\net8.0\Npgsql.EntityFrameworkCore.PostgreSQL.dll".
         Copiando o arquivo de "C:\Users\paulo.takeda\.nuget\packages\swashbuckle.aspnetcore.swagger\6.5.0\lib\net7.0\Swashbuckle.AspNetCore.Swagger.dll" para "E:\teste\pi-web\backend\Pi.Api\bin\Debug\net8.0\Swashbuckle.AspNetCore.Swagger.dll".
         Copiando o arquivo de "C:\Users\paulo.takeda\.nuget\packages\swashbuckle.aspnetcore.swaggergen\6.5.0\lib\net7.0\Swashbuckle.AspNetCore.SwaggerGen.dll" para "E:\teste\pi-web\backend\Pi.Api\bin\Debug\net8.0\Swashbuckle.AspNetCore.SwaggerGen.dll".
         Copiando o arquivo de "C:\Users\paulo.takeda\.nuget\packages\swashbuckle.aspnetcore.swaggerui\6.5.0\lib\net7.0\Swashbuckle.AspNetCore.SwaggerUI.dll" para "E:\teste\pi-web\backend\Pi.Api\bin\Debug\net8.0\Swashbuckle.AspNetCore.SwaggerUI.dll".
         Copiando o arquivo de "C:\Users\paulo.takeda\.nuget\packages\system.codedom\4.4.0\lib\netstandard2.0\System.CodeDom.dll" para "E:\teste\pi-web\backend\Pi.Api\bin\Debug\net8.0\System.CodeDom.dll".
         Copiando o arquivo de "C:\Users\paulo.takeda\.nuget\packages\system.composition.attributedmodel\6.0.0\lib\net6.0\System.Composition.AttributedModel.dll" para "E:\teste\pi-web\backend\Pi.Api\bin\Debug\net8.0\System.Composition.AttributedModel.dll".
         Copiando o arquivo de "C:\Users\paulo.takeda\.nuget\packages\system.composition.convention\6.0.0\lib\net6.0\System.Composition.Convention.dll" para "E:\teste\pi-web\backend\Pi.Api\bin\Debug\net8.0\System.Composition.Convention.dll".
         Copiando o arquivo de "C:\Users\paulo.takeda\.nuget\packages\system.composition.hosting\6.0.0\lib\net6.0\System.Composition.Hosting.dll" para "E:\teste\pi-web\backend\Pi.Api\bin\Debug\net8.0\System.Composition.Hosting.dll".
         Copiando o arquivo de "C:\Users\paulo.takeda\.nuget\packages\system.composition.runtime\6.0.0\lib\net6.0\System.Composition.Runtime.dll" para "E:\teste\pi-web\backend\Pi.Api\bin\Debug\net8.0\System.Composition.Runtime.dll".
         Copiando o arquivo de "C:\Users\paulo.takeda\.nuget\packages\system.composition.typedparts\6.0.0\lib\net6.0\System.Composition.TypedParts.dll" para "E:\teste\pi-web\backend\Pi.Api\bin\Debug\net8.0\System.Composition.TypedParts.dll".
         Copiando o arquivo de "C:\Users\paulo.takeda\.nuget\packages\system.security.cryptography.pkcs\8.0.1\lib\net8.0\System.Security.Cryptography.Pkcs.dll" para "E:\teste\pi-web\backend\Pi.Api\bin\Debug\net8.0\System.Security.Cryptography.Pkcs.dll".
         Copiando o arquivo de "C:\Users\paulo.takeda\.nuget\packages\system.security.cryptography.xml\8.0.2\lib\net8.0\System.Security.Cryptography.Xml.dll" para "E:\teste\pi-web\backend\Pi.Api\bin\Debug\net8.0\System.Security.Cryptography.Xml.dll".
         Copiando o arquivo de "C:\Users\paulo.takeda\.nuget\packages\microsoft.codeanalysis.common\4.5.0\lib\netcoreapp3.1\cs\Microsoft.CodeAnalysis.resources.dll" para "E:\teste\pi-web\backend\Pi.Api\bin\Debug\net8.0\cs\Microsoft.CodeAnalysis.resources.dll".
         Copiando o arquivo de "C:\Users\paulo.takeda\.nuget\packages\microsoft.codeanalysis.common\4.5.0\lib\netcoreapp3.1\de\Microsoft.CodeAnalysis.resources.dll" para "E:\teste\pi-web\backend\Pi.Api\bin\Debug\net8.0\de\Microsoft.CodeAnalysis.resources.dll".
         Copiando o arquivo de "C:\Users\paulo.takeda\.nuget\packages\microsoft.codeanalysis.common\4.5.0\lib\netcoreapp3.1\es\Microsoft.CodeAnalysis.resources.dll" para "E:\teste\pi-web\backend\Pi.Api\bin\Debug\net8.0\es\Microsoft.CodeAnalysis.resources.dll".
         Copiando o arquivo de "C:\Users\paulo.takeda\.nuget\packages\microsoft.codeanalysis.common\4.5.0\lib\netcoreapp3.1\fr\Microsoft.CodeAnalysis.resources.dll" para "E:\teste\pi-web\backend\Pi.Api\bin\Debug\net8.0\fr\Microsoft.CodeAnalysis.resources.dll".
         Copiando o arquivo de "C:\Users\paulo.takeda\.nuget\packages\microsoft.codeanalysis.common\4.5.0\lib\netcoreapp3.1\it\Microsoft.CodeAnalysis.resources.dll" para "E:\teste\pi-web\backend\Pi.Api\bin\Debug\net8.0\it\Microsoft.CodeAnalysis.resources.dll".
         Copiando o arquivo de "C:\Users\paulo.takeda\.nuget\packages\microsoft.codeanalysis.common\4.5.0\lib\netcoreapp3.1\ja\Microsoft.CodeAnalysis.resources.dll" para "E:\teste\pi-web\backend\Pi.Api\bin\Debug\net8.0\ja\Microsoft.CodeAnalysis.resources.dll".
         Copiando o arquivo de "C:\Users\paulo.takeda\.nuget\packages\microsoft.codeanalysis.common\4.5.0\lib\netcoreapp3.1\ko\Microsoft.CodeAnalysis.resources.dll" para "E:\teste\pi-web\backend\Pi.Api\bin\Debug\net8.0\ko\Microsoft.CodeAnalysis.resources.dll".
         Copiando o arquivo de "C:\Users\paulo.takeda\.nuget\packages\microsoft.codeanalysis.common\4.5.0\lib\netcoreapp3.1\pl\Microsoft.CodeAnalysis.resources.dll" para "E:\teste\pi-web\backend\Pi.Api\bin\Debug\net8.0\pl\Microsoft.CodeAnalysis.resources.dll".
         Copiando o arquivo de "C:\Users\paulo.takeda\.nuget\packages\microsoft.codeanalysis.common\4.5.0\lib\netcoreapp3.1\pt-BR\Microsoft.CodeAnalysis.resources.dll" para "E:\teste\pi-web\backend\Pi.Api\bin\Debug\net8.0\pt-BR\Microsoft.CodeAnalysis.resources.dll".
         Copiando o arquivo de "C:\Users\paulo.takeda\.nuget\packages\microsoft.codeanalysis.common\4.5.0\lib\netcoreapp3.1\ru\Microsoft.CodeAnalysis.resources.dll" para "E:\teste\pi-web\backend\Pi.Api\bin\Debug\net8.0\ru\Microsoft.CodeAnalysis.resources.dll".
         Copiando o arquivo de "C:\Users\paulo.takeda\.nuget\packages\microsoft.codeanalysis.common\4.5.0\lib\netcoreapp3.1\tr\Microsoft.CodeAnalysis.resources.dll" para "E:\teste\pi-web\backend\Pi.Api\bin\Debug\net8.0\tr\Microsoft.CodeAnalysis.resources.dll".
         Copiando o arquivo de "C:\Users\paulo.takeda\.nuget\packages\microsoft.codeanalysis.common\4.5.0\lib\netcoreapp3.1\zh-Hans\Microsoft.CodeAnalysis.resources.dll" para "E:\teste\pi-web\backend\Pi.Api\bin\Debug\net8.0\zh-Hans\Microsoft.CodeAnalysis.resources.dll".
         Copiando o arquivo de "C:\Users\paulo.takeda\.nuget\packages\microsoft.codeanalysis.common\4.5.0\lib\netcoreapp3.1\zh-Hant\Microsoft.CodeAnalysis.resources.dll" para "E:\teste\pi-web\backend\Pi.Api\bin\Debug\net8.0\zh-Hant\Microsoft.CodeAnalysis.resources.dll".
         Copiando o arquivo de "C:\Users\paulo.takeda\.nuget\packages\microsoft.codeanalysis.csharp\4.5.0\lib\netcoreapp3.1\cs\Microsoft.CodeAnalysis.CSharp.resources.dll" para "E:\teste\pi-web\backend\Pi.Api\bin\Debug\net8.0\cs\Microsoft.CodeAnalysis.CSharp.resources.dll".
         Copiando o arquivo de "C:\Users\paulo.takeda\.nuget\packages\microsoft.codeanalysis.csharp\4.5.0\lib\netcoreapp3.1\de\Microsoft.CodeAnalysis.CSharp.resources.dll" para "E:\teste\pi-web\backend\Pi.Api\bin\Debug\net8.0\de\Microsoft.CodeAnalysis.CSharp.resources.dll".
         Copiando o arquivo de "C:\Users\paulo.takeda\.nuget\packages\microsoft.codeanalysis.csharp\4.5.0\lib\netcoreapp3.1\es\Microsoft.CodeAnalysis.CSharp.resources.dll" para "E:\teste\pi-web\backend\Pi.Api\bin\Debug\net8.0\es\Microsoft.CodeAnalysis.CSharp.resources.dll".
         Copiando o arquivo de "C:\Users\paulo.takeda\.nuget\packages\microsoft.codeanalysis.csharp\4.5.0\lib\netcoreapp3.1\fr\Microsoft.CodeAnalysis.CSharp.resources.dll" para "E:\teste\pi-web\backend\Pi.Api\bin\Debug\net8.0\fr\Microsoft.CodeAnalysis.CSharp.resources.dll".
         Copiando o arquivo de "C:\Users\paulo.takeda\.nuget\packages\microsoft.codeanalysis.csharp\4.5.0\lib\netcoreapp3.1\it\Microsoft.CodeAnalysis.CSharp.resources.dll" para "E:\teste\pi-web\backend\Pi.Api\bin\Debug\net8.0\it\Microsoft.CodeAnalysis.CSharp.resources.dll".
         Copiando o arquivo de "C:\Users\paulo.takeda\.nuget\packages\microsoft.codeanalysis.csharp\4.5.0\lib\netcoreapp3.1\ja\Microsoft.CodeAnalysis.CSharp.resources.dll" para "E:\teste\pi-web\backend\Pi.Api\bin\Debug\net8.0\ja\Microsoft.CodeAnalysis.CSharp.resources.dll".
         Copiando o arquivo de "C:\Users\paulo.takeda\.nuget\packages\microsoft.codeanalysis.csharp\4.5.0\lib\netcoreapp3.1\ko\Microsoft.CodeAnalysis.CSharp.resources.dll" para "E:\teste\pi-web\backend\Pi.Api\bin\Debug\net8.0\ko\Microsoft.CodeAnalysis.CSharp.resources.dll".
         Copiando o arquivo de "C:\Users\paulo.takeda\.nuget\packages\microsoft.codeanalysis.csharp\4.5.0\lib\netcoreapp3.1\pl\Microsoft.CodeAnalysis.CSharp.resources.dll" para "E:\teste\pi-web\backend\Pi.Api\bin\Debug\net8.0\pl\Microsoft.CodeAnalysis.CSharp.resources.dll".
         Copiando o arquivo de "C:\Users\paulo.takeda\.nuget\packages\microsoft.codeanalysis.csharp\4.5.0\lib\netcoreapp3.1\pt-BR\Microsoft.CodeAnalysis.CSharp.resources.dll" para "E:\teste\pi-web\backend\Pi.Api\bin\Debug\net8.0\pt-BR\Microsoft.CodeAnalysis.CSharp.resources.dll".
         Copiando o arquivo de "C:\Users\paulo.takeda\.nuget\packages\microsoft.codeanalysis.csharp\4.5.0\lib\netcoreapp3.1\ru\Microsoft.CodeAnalysis.CSharp.resources.dll" para "E:\teste\pi-web\backend\Pi.Api\bin\Debug\net8.0\ru\Microsoft.CodeAnalysis.CSharp.resources.dll".
         Copiando o arquivo de "C:\Users\paulo.takeda\.nuget\packages\microsoft.codeanalysis.csharp\4.5.0\lib\netcoreapp3.1\tr\Microsoft.CodeAnalysis.CSharp.resources.dll" para "E:\teste\pi-web\backend\Pi.Api\bin\Debug\net8.0\tr\Microsoft.CodeAnalysis.CSharp.resources.dll".
         Copiando o arquivo de "C:\Users\paulo.takeda\.nuget\packages\microsoft.codeanalysis.csharp\4.5.0\lib\netcoreapp3.1\zh-Hans\Microsoft.CodeAnalysis.CSharp.resources.dll" para "E:\teste\pi-web\backend\Pi.Api\bin\Debug\net8.0\zh-Hans\Microsoft.CodeAnalysis.CSharp.resources.dll".
         Copiando o arquivo de "C:\Users\paulo.takeda\.nuget\packages\microsoft.codeanalysis.csharp\4.5.0\lib\netcoreapp3.1\zh-Hant\Microsoft.CodeAnalysis.CSharp.resources.dll" para "E:\teste\pi-web\backend\Pi.Api\bin\Debug\net8.0\zh-Hant\Microsoft.CodeAnalysis.CSharp.resources.dll".
         Copiando o arquivo de "C:\Users\paulo.takeda\.nuget\packages\microsoft.codeanalysis.csharp.workspaces\4.5.0\lib\netcoreapp3.1\cs\Microsoft.CodeAnalysis.CSharp.Workspaces.resources.dll" para "E:\teste\pi-web\backend\Pi.Api\bin\Debug\net8.0\cs\Microsoft.CodeAnalysis.CSharp.Workspaces.resources.dll".
         Copiando o arquivo de "C:\Users\paulo.takeda\.nuget\packages\microsoft.codeanalysis.csharp.workspaces\4.5.0\lib\netcoreapp3.1\de\Microsoft.CodeAnalysis.CSharp.Workspaces.resources.dll" para "E:\teste\pi-web\backend\Pi.Api\bin\Debug\net8.0\de\Microsoft.CodeAnalysis.CSharp.Workspaces.resources.dll".
         Copiando o arquivo de "C:\Users\paulo.takeda\.nuget\packages\microsoft.codeanalysis.csharp.workspaces\4.5.0\lib\netcoreapp3.1\es\Microsoft.CodeAnalysis.CSharp.Workspaces.resources.dll" para "E:\teste\pi-web\backend\Pi.Api\bin\Debug\net8.0\es\Microsoft.CodeAnalysis.CSharp.Workspaces.resources.dll".
         Copiando o arquivo de "C:\Users\paulo.takeda\.nuget\packages\microsoft.codeanalysis.csharp.workspaces\4.5.0\lib\netcoreapp3.1\fr\Microsoft.CodeAnalysis.CSharp.Workspaces.resources.dll" para "E:\teste\pi-web\backend\Pi.Api\bin\Debug\net8.0\fr\Microsoft.CodeAnalysis.CSharp.Workspaces.resources.dll".
         Copiando o arquivo de "C:\Users\paulo.takeda\.nuget\packages\microsoft.codeanalysis.csharp.workspaces\4.5.0\lib\netcoreapp3.1\it\Microsoft.CodeAnalysis.CSharp.Workspaces.resources.dll" para "E:\teste\pi-web\backend\Pi.Api\bin\Debug\net8.0\it\Microsoft.CodeAnalysis.CSharp.Workspaces.resources.dll".
         Copiando o arquivo de "C:\Users\paulo.takeda\.nuget\packages\microsoft.codeanalysis.csharp.workspaces\4.5.0\lib\netcoreapp3.1\ja\Microsoft.CodeAnalysis.CSharp.Workspaces.resources.dll" para "E:\teste\pi-web\backend\Pi.Api\bin\Debug\net8.0\ja\Microsoft.CodeAnalysis.CSharp.Workspaces.resources.dll".
         Copiando o arquivo de "C:\Users\paulo.takeda\.nuget\packages\microsoft.codeanalysis.csharp.workspaces\4.5.0\lib\netcoreapp3.1\ko\Microsoft.CodeAnalysis.CSharp.Workspaces.resources.dll" para "E:\teste\pi-web\backend\Pi.Api\bin\Debug\net8.0\ko\Microsoft.CodeAnalysis.CSharp.Workspaces.resources.dll".
         Copiando o arquivo de "C:\Users\paulo.takeda\.nuget\packages\microsoft.codeanalysis.csharp.workspaces\4.5.0\lib\netcoreapp3.1\pl\Microsoft.CodeAnalysis.CSharp.Workspaces.resources.dll" para "E:\teste\pi-web\backend\Pi.Api\bin\Debug\net8.0\pl\Microsoft.CodeAnalysis.CSharp.Workspaces.resources.dll".
         Copiando o arquivo de "C:\Users\paulo.takeda\.nuget\packages\microsoft.codeanalysis.csharp.workspaces\4.5.0\lib\netcoreapp3.1\pt-BR\Microsoft.CodeAnalysis.CSharp.Workspaces.resources.dll" para "E:\teste\pi-web\backend\Pi.Api\bin\Debug\net8.0\pt-BR\Microsoft.CodeAnalysis.CSharp.Workspaces.resources.dll".
         Copiando o arquivo de "C:\Users\paulo.takeda\.nuget\packages\microsoft.codeanalysis.csharp.workspaces\4.5.0\lib\netcoreapp3.1\ru\Microsoft.CodeAnalysis.CSharp.Workspaces.resources.dll" para "E:\teste\pi-web\backend\Pi.Api\bin\Debug\net8.0\ru\Microsoft.CodeAnalysis.CSharp.Workspaces.resources.dll".
         Copiando o arquivo de "C:\Users\paulo.takeda\.nuget\packages\microsoft.codeanalysis.csharp.workspaces\4.5.0\lib\netcoreapp3.1\tr\Microsoft.CodeAnalysis.CSharp.Workspaces.resources.dll" para "E:\teste\pi-web\backend\Pi.Api\bin\Debug\net8.0\tr\Microsoft.CodeAnalysis.CSharp.Workspaces.resources.dll".
         Copiando o arquivo de "C:\Users\paulo.takeda\.nuget\packages\microsoft.codeanalysis.csharp.workspaces\4.5.0\lib\netcoreapp3.1\zh-Hans\Microsoft.CodeAnalysis.CSharp.Workspaces.resources.dll" para "E:\teste\pi-web\backend\Pi.Api\bin\Debug\net8.0\zh-Hans\Microsoft.CodeAnalysis.CSharp.Workspaces.resources.dll".
         Copiando o arquivo de "C:\Users\paulo.takeda\.nuget\packages\microsoft.codeanalysis.csharp.workspaces\4.5.0\lib\netcoreapp3.1\zh-Hant\Microsoft.CodeAnalysis.CSharp.Workspaces.resources.dll" para "E:\teste\pi-web\backend\Pi.Api\bin\Debug\net8.0\zh-Hant\Microsoft.CodeAnalysis.CSharp.Workspaces.resources.dll".
         Copiando o arquivo de "C:\Users\paulo.takeda\.nuget\packages\microsoft.codeanalysis.workspaces.common\4.5.0\lib\netcoreapp3.1\cs\Microsoft.CodeAnalysis.Workspaces.resources.dll" para "E:\teste\pi-web\backend\Pi.Api\bin\Debug\net8.0\cs\Microsoft.CodeAnalysis.Workspaces.resources.dll".
         Copiando o arquivo de "C:\Users\paulo.takeda\.nuget\packages\microsoft.codeanalysis.workspaces.common\4.5.0\lib\netcoreapp3.1\de\Microsoft.CodeAnalysis.Workspaces.resources.dll" para "E:\teste\pi-web\backend\Pi.Api\bin\Debug\net8.0\de\Microsoft.CodeAnalysis.Workspaces.resources.dll".
         Copiando o arquivo de "C:\Users\paulo.takeda\.nuget\packages\microsoft.codeanalysis.workspaces.common\4.5.0\lib\netcoreapp3.1\es\Microsoft.CodeAnalysis.Workspaces.resources.dll" para "E:\teste\pi-web\backend\Pi.Api\bin\Debug\net8.0\es\Microsoft.CodeAnalysis.Workspaces.resources.dll".
         Copiando o arquivo de "C:\Users\paulo.takeda\.nuget\packages\microsoft.codeanalysis.workspaces.common\4.5.0\lib\netcoreapp3.1\fr\Microsoft.CodeAnalysis.Workspaces.resources.dll" para "E:\teste\pi-web\backend\Pi.Api\bin\Debug\net8.0\fr\Microsoft.CodeAnalysis.Workspaces.resources.dll".
         Copiando o arquivo de "C:\Users\paulo.takeda\.nuget\packages\microsoft.codeanalysis.workspaces.common\4.5.0\lib\netcoreapp3.1\it\Microsoft.CodeAnalysis.Workspaces.resources.dll" para "E:\teste\pi-web\backend\Pi.Api\bin\Debug\net8.0\it\Microsoft.CodeAnalysis.Workspaces.resources.dll".
         Copiando o arquivo de "C:\Users\paulo.takeda\.nuget\packages\microsoft.codeanalysis.workspaces.common\4.5.0\lib\netcoreapp3.1\ja\Microsoft.CodeAnalysis.Workspaces.resources.dll" para "E:\teste\pi-web\backend\Pi.Api\bin\Debug\net8.0\ja\Microsoft.CodeAnalysis.Workspaces.resources.dll".
         Copiando o arquivo de "C:\Users\paulo.takeda\.nuget\packages\microsoft.codeanalysis.workspaces.common\4.5.0\lib\netcoreapp3.1\ko\Microsoft.CodeAnalysis.Workspaces.resources.dll" para "E:\teste\pi-web\backend\Pi.Api\bin\Debug\net8.0\ko\Microsoft.CodeAnalysis.Workspaces.resources.dll".
         Copiando o arquivo de "C:\Users\paulo.takeda\.nuget\packages\microsoft.codeanalysis.workspaces.common\4.5.0\lib\netcoreapp3.1\pl\Microsoft.CodeAnalysis.Workspaces.resources.dll" para "E:\teste\pi-web\backend\Pi.Api\bin\Debug\net8.0\pl\Microsoft.CodeAnalysis.Workspaces.resources.dll".
         Copiando o arquivo de "C:\Users\paulo.takeda\.nuget\packages\microsoft.codeanalysis.workspaces.common\4.5.0\lib\netcoreapp3.1\pt-BR\Microsoft.CodeAnalysis.Workspaces.resources.dll" para "E:\teste\pi-web\backend\Pi.Api\bin\Debug\net8.0\pt-BR\Microsoft.CodeAnalysis.Workspaces.resources.dll".
         Copiando o arquivo de "C:\Users\paulo.takeda\.nuget\packages\microsoft.codeanalysis.workspaces.common\4.5.0\lib\netcoreapp3.1\ru\Microsoft.CodeAnalysis.Workspaces.resources.dll" para "E:\teste\pi-web\backend\Pi.Api\bin\Debug\net8.0\ru\Microsoft.CodeAnalysis.Workspaces.resources.dll".
         Copiando o arquivo de "C:\Users\paulo.takeda\.nuget\packages\microsoft.codeanalysis.workspaces.common\4.5.0\lib\netcoreapp3.1\tr\Microsoft.CodeAnalysis.Workspaces.resources.dll" para "E:\teste\pi-web\backend\Pi.Api\bin\Debug\net8.0\tr\Microsoft.CodeAnalysis.Workspaces.resources.dll".
         Copiando o arquivo de "C:\Users\paulo.takeda\.nuget\packages\microsoft.codeanalysis.workspaces.common\4.5.0\lib\netcoreapp3.1\zh-Hans\Microsoft.CodeAnalysis.Workspaces.resources.dll" para "E:\teste\pi-web\backend\Pi.Api\bin\Debug\net8.0\zh-Hans\Microsoft.CodeAnalysis.Workspaces.resources.dll".
         Copiando o arquivo de "C:\Users\paulo.takeda\.nuget\packages\microsoft.codeanalysis.workspaces.common\4.5.0\lib\netcoreapp3.1\zh-Hant\Microsoft.CodeAnalysis.Workspaces.resources.dll" para "E:\teste\pi-web\backend\Pi.Api\bin\Debug\net8.0\zh-Hant\Microsoft.CodeAnalysis.Workspaces.resources.dll".
         Copiando o arquivo de "C:\Users\paulo.takeda\.nuget\packages\system.security.cryptography.pkcs\8.0.1\runtimes\win\lib\net8.0\System.Security.Cryptography.Pkcs.dll" para "E:\teste\pi-web\backend\Pi.Api\bin\Debug\net8.0\runtimes\win\lib\net8.0\System.Security.Cryptography.Pkcs.dll".
         Criando "E:\teste\pi-web\backend\Pi.Api\obj\Debug\net8.0\Pi.Api.csproj.Up2Date" porque "AlwaysCreate" foi especificado.
         Tocando "E:\teste\pi-web\backend\Pi.Api\obj\Debug\net8.0\Pi.Api.csproj.Up2Date".
       _CopyOutOfDateSourceItemsToOutputDirectory:
         Copiando o arquivo de "E:\teste\pi-web\backend\Pi.Api\appsettings.json" para "E:\teste\pi-web\backend\Pi.Api\bin\Debug\net8.0\appsettings.json".
         Copiando o arquivo de "E:\teste\pi-web\backend\Pi.Api\appsettings.Development.json" para "E:\teste\pi-web\backend\Pi.Api\bin\Debug\net8.0\appsettings.Development.json".
         Copiando o arquivo de "E:\teste\pi-web\backend\Pi.Api\obj\Debug\net8.0\staticwebassets.build.endpoints.json" para "E:\teste\pi-web\backend\Pi.Api\bin\Debug\net8.0\Pi.Api.staticwebassets.endpoints.json".
         Copiando o arquivo de "E:\teste\pi-web\backend\Pi.Api\obj\Debug\net8.0\apphost.exe" para "E:\teste\pi-web\backend\Pi.Api\bin\Debug\net8.0\Pi.Api.exe".
       CopyFilesToOutputDirectory:
         Copiando o arquivo de "E:\teste\pi-web\backend\Pi.Api\obj\Debug\net8.0\Pi.Api.dll" para "E:\teste\pi-web\backend\Pi.Api\bin\Debug\net8.0\Pi.Api.dll".
         Copiando assembly de refer├¬ncia de "obj\Debug\net8.0\refint\Pi.Api.dll" para "E:\teste\pi-web\backend\Pi.Api\obj\Debug\net8.0\ref\Pi.Api.dll".
         Pi.Api -> E:\teste\pi-web\backend\Pi.Api\bin\Debug\net8.0\Pi.Api.dll
         Copiando o arquivo de "E:\teste\pi-web\backend\Pi.Api\obj\Debug\net8.0\Pi.Api.pdb" para "E:\teste\pi-web\backend\Pi.Api\bin\Debug\net8.0\Pi.Api.pdb".
     2>Projeto de compila├º├úo pronto "E:\teste\pi-web\backend\Pi.Api\Pi.Api.csproj" (Rebuild destino(s)).
     1>Projeto de compila├º├úo pronto "E:\teste\pi-web\backend\Pi.Api\Pi.Api.sln" (Rebuild destino(s)).

Compila├º├úo com ├¬xito.
    0 Aviso(s)
    0 Erro(s)

Tempo Decorrido 00:00:03.66
